


ARM Macro Assembler    Page 1 


    1 00000000         ;*******************************************************
                       ********************
    2 00000000                 THUMB
    3 00000000                 REQUIRE8
    4 00000000                 PRESERVE8
    5 00000000         
    6 00000000         ;*******************************************************
                       *******************
    7 00000000         ;  Fichier Vierge.asm
    8 00000000         ; Auteur : V.MAHOUT
    9 00000000         ; Date :  12/11/2013
   10 00000000         ;*******************************************************
                       *******************
   11 00000000         
   12 00000000         ;***************IMPORT/EXPORT***************************
                       *******************
   13 00000000         
   14 00000000         
   15 00000000         
   16 00000000         ;*******************************************************
                       *******************
   17 00000000         
   18 00000000         
   19 00000000         
   20 00000000         ;***************CONSTANTES******************************
                       *******************
   21 00000000         
   22 00000000         
   23 00000000         ;*******************************************************
                       *******************
   24 00000000         
   25 00000000         
   26 00000000         ;***************VARIABLES*******************************
                       *******************
   27 00000000                 AREA             MesDonnees, data, readwrite
   28 00000000         ;*******************************************************
                       *******************
   29 00000000         
   30 00000000 FF 00 00 
                       Barrette1
                               DCB              255,0,0
   31 00000003 00 00 00        DCB              0,  0,0
   32 00000006 00 00 00        DCB              0,  0,0
   33 00000009 00 00 00        DCB              0,  0,0
   34 0000000C 00 00 00        DCB              0,  0,0
   35 0000000F 00 00 00        DCB              0,  0,0
   36 00000012 00 00 00        DCB              0,  0,0
   37 00000015 00 AA 00        DCB              0,0xAA,0
   38 00000018 00 00 00        DCB              0,  0,0
   39 0000001B 00 00 00        DCB              0,  0,0
   40 0000001E 00 00 00        DCB              0,  0,0
   41 00000021 00 00 00        DCB              0,  0,0
   42 00000024 00 00 00        DCB              0,  0,0
   43 00000027 00 00 00        DCB              0,  0,0
   44 0000002A 00 00 00        DCB              0,  0,0
   45 0000002D 00 00 FF        DCB              0,  0,255
   46 00000030         
   47 00000030 FF 00 00 
                       Barrette2



ARM Macro Assembler    Page 2 


                               DCB              255,0,0
   48 00000033 00 00 00        DCB              0,  0,0
   49 00000036 00 00 00        DCB              0,  0,0
   50 00000039 00 FF 00        DCB              0,  255,0
   51 0000003C 00 00 00        DCB              0,  0,0
   52 0000003F 00 00 00        DCB              0,  0,0
   53 00000042 00 00 00        DCB              0,  0,0
   54 00000045 00 AA 00        DCB              0,0xAA,0
   55 00000048 00 00 00        DCB              0,  0,0
   56 0000004B 00 00 00        DCB              0,  0,0
   57 0000004E 00 00 00        DCB              0,  0,0
   58 00000051 00 FF 00        DCB              0,  255,0
   59 00000054 00 00 00        DCB              0,  0,0
   60 00000057 00 00 00        DCB              0,  0,0
   61 0000005A 00 00 00        DCB              0,  0,0
   62 0000005D 00 00 FF        DCB              0,  0,255
   63 00000060         
   64 00000060         ;*******************************************************
                       *******************
   65 00000060         
   66 00000060         
   67 00000060         
   68 00000060         ;***************CODE************************************
                       *******************
   69 00000060                 AREA             moncode, code, readonly
   70 00000000         ;*******************************************************
                       *******************
   71 00000000         
   72 00000000         
   73 00000000         
   74 00000000         
   75 00000000         
   76 00000000         
   77 00000000         
   78 00000000         ;#######################################################
                       #################
   79 00000000         ; Procédure ????
   80 00000000         ;#######################################################
                       #################
   81 00000000         ;
   82 00000000         ; Paramètre entrant  : ???
   83 00000000         ; Paramètre sortant  : ???
   84 00000000         ; Variables globales : ???
   85 00000000         ; Registres modifiés : ???
   86 00000000         ;-------------------------------------------------------
                       -----------------
   87 00000000         
   88 00000000         
   89 00000000         
   90 00000000         
   91 00000000         
   92 00000000         
   93 00000000         ;*******************************************************
                       *******************
   94 00000000                 END
Command Line: --debug --xref --diag_suppress=9931 --cpu=Cortex-M3 --apcs=interw
ork --depend=.\objects\lumiere.d -o.\objects\lumiere.o -I.\RTE\Device\STM32F103
RB -I.\RTE\_Simul_ -IC:\Users\ordinateur\AppData\Local\Arm\Packs\ARM\CMSIS\5.6.
0\CMSIS\Core\Include -IC:\Users\ordinateur\AppData\Local\Arm\Packs\Keil\STM32F1



ARM Macro Assembler    Page 3 


xx_DFP\2.3.0\Device\Include --predefine="__EVAL SETA 1" --predefine="__MICROLIB
 SETA 1" --predefine="__UVISION_VERSION SETA 529" --predefine="_RTE_ SETA 1" --
predefine="STM32F10X_MD SETA 1" --predefine="STM32F10X_MD SETA 1" --list=.\list
ings\lumiere.lst Lumiere.asm



ARM Macro Assembler    Page 1 Alphabetic symbol ordering
Relocatable symbols

Barrette1 00000000

Symbol: Barrette1
   Definitions
      At line 30 in file Lumiere.asm
   Uses
      None
Comment: Barrette1 unused
Barrette2 00000030

Symbol: Barrette2
   Definitions
      At line 47 in file Lumiere.asm
   Uses
      None
Comment: Barrette2 unused
MesDonnees 00000000

Symbol: MesDonnees
   Definitions
      At line 27 in file Lumiere.asm
   Uses
      None
Comment: MesDonnees unused
3 symbols



ARM Macro Assembler    Page 1 Alphabetic symbol ordering
Relocatable symbols

moncode 00000000

Symbol: moncode
   Definitions
      At line 69 in file Lumiere.asm
   Uses
      None
Comment: moncode unused
1 symbol
339 symbols in table
