


ARM Macro Assembler    Page 1 


    1 00000000         ;*******************************************************
                       ********************
    2 00000000                 THUMB
    3 00000000                 REQUIRE8
    4 00000000                 PRESERVE8
    5 00000000         
    6 00000000         ;*******************************************************
                       *******************
    7 00000000         ;  Fichier Vierge.asm
    8 00000000         ; Auteur : V.MAHOUT
    9 00000000         ; Date :  12/11/2013
   10 00000000         ;*******************************************************
                       *******************
   11 00000000         
   12 00000000         ;***************IMPORT/EXPORT***************************
                       *******************
   13 00000000         
   14 00000000                 EXPORT           DriverGlobal
   15 00000000                 EXPORT           Tempo
   16 00000000                 EXPORT           DriverReg
   17 00000000                 EXPORT           DriverPile
   18 00000000                 IMPORT           DataSend
   19 00000000         ;*******************************************************
                       *******************
   20 00000000         
   21 00000000         
   22 00000000         
   23 00000000         ;***************CONSTANTES******************************
                       *******************
   24 00000000         
   25 00000000                 include          REG_UTILES.inc
    1 00000000         
    2 00000000         ;**************************************
    3 00000000         ;     Les adresess utiles  
    4 00000000         ;***************************************
    5 00000000         
    6 00000000         
    7 00000000         ;**************************************
    8 00000000         ;     Affectation des bits GPIO  
    9 00000000         ;***************************************
   10 00000000         ; GSLCK..... PA0 
   11 00000000         ; DSPRG..... PA1 
   12 00000000         ; BLANK..... PA2 
   13 00000000         ; XLAT...... PA3
   14 00000000         ; VPRG...... PA4
   15 00000000         ; SCLK...... PA5
   16 00000000         ; SIN1...... PA7
   17 00000000         ;Capteur.....PA8
   18 00000000         
   19 00000000         ;LED.........PB10
   20 00000000         ;****************************************/
   21 00000000         
   22 00000000         
   23 00000000         
   24 00000000 40010800 
                       GPIOBASEA
                               EQU              0X40010800
   25 00000000 40010C00 
                       GPIOBASEB



ARM Macro Assembler    Page 2 


                               EQU              0X40010C00
   26 00000000         
   27 00000000 00000008 
                       OffsetInput
                               EQU              0x08
   28 00000000 0000000C 
                       OffsetOutput
                               EQU              0x0C
   29 00000000 00000010 
                       OffsetSet
                               EQU              0x10
   30 00000000 00000014 
                       OffsetReset
                               EQU              0x14
   31 00000000         
   32 00000000         
   33 00000000 00000080 
                       MaskSerial_In1
                               equ              0x80
   34 00000000 00000080 
                       MaskSerial_Dots
                               equ              0x80
   35 00000000 00000010 
                       MaskVprg
                               equ              0x10
   36 00000000 00000008 
                       MaskXlat
                               equ              0x08
   37 00000000 00000004 
                       MaskBlank
                               equ              0x04
   38 00000000 00000020 
                       MaskSclk
                               equ              0x20
   39 00000000 00000002 
                       MaskDsprg
                               equ              0x02
   40 00000000 00000001 
                       MaskGsclk
                               equ              0x01
   41 00000000         
   42 00000000         
   43 00000000 E000ED08 
                       SCB_VTOR
                               EQU              0xE000ED08
   44 00000000 40012C10 
                       TIM1_SR EQU              0x40012c10
   45 00000000 40012C24 
                       TIM1_CNT
                               EQU              0x40012c24
   46 00000000 4000082C 
                       TIM4_ARR
                               EQU              0x4000082C
   47 00000000 40000810 
                       TIM4_SR EQU              0x40000810
   48 00000000         
   49 00000000         
   50 00000000         
   51 00000000         



ARM Macro Assembler    Page 3 


   52 00000000         
   53 00000000                 END
   26 00000000                 include          Lumiere.asm
    1 00000000         ;*******************************************************
                       ********************
    2 00000000                 THUMB
    3 00000000                 REQUIRE8
    4 00000000                 PRESERVE8
    5 00000000         
    6 00000000         ;*******************************************************
                       *******************
    7 00000000         ;  Fichier Vierge.asm
    8 00000000         ; Auteur : V.MAHOUT
    9 00000000         ; Date :  12/11/2013
   10 00000000         ;*******************************************************
                       *******************
   11 00000000         
   12 00000000         ;***************IMPORT/EXPORT***************************
                       *******************
   13 00000000         
   14 00000000         
   15 00000000         
   16 00000000         ;*******************************************************
                       *******************
   17 00000000         
   18 00000000         
   19 00000000         
   20 00000000         ;***************CONSTANTES******************************
                       *******************
   21 00000000         
   22 00000000         
   23 00000000         ;*******************************************************
                       *******************
   24 00000000         
   25 00000000         
   26 00000000         ;***************VARIABLES*******************************
                       *******************
   27 00000000                 AREA             MesDonnees, data, readwrite
   28 00000000         ;*******************************************************
                       *******************
   29 00000000         
   30 00000000 FF 00 00 
                       Barrette1
                               DCB              255,0,0
   31 00000003 00 00 00        DCB              0,  0,0
   32 00000006 00 00 00        DCB              0,  0,0
   33 00000009 00 00 00        DCB              0,  0,0
   34 0000000C 00 00 00        DCB              0,  0,0
   35 0000000F 00 00 00        DCB              0,  0,0
   36 00000012 00 00 00        DCB              0,  0,0
   37 00000015 00 AA 00        DCB              0,0xAA,0
   38 00000018 00 00 00        DCB              0,  0,0
   39 0000001B 00 00 00        DCB              0,  0,0
   40 0000001E 00 00 00        DCB              0,  0,0
   41 00000021 00 00 00        DCB              0,  0,0
   42 00000024 00 00 00        DCB              0,  0,0
   43 00000027 00 00 00        DCB              0,  0,0
   44 0000002A 00 00 00        DCB              0,  0,0
   45 0000002D 00 00 FF        DCB              0,  0,255



ARM Macro Assembler    Page 4 


   46 00000030         
   47 00000030 FF 00 00 
                       Barrette2
                               DCB              255,0,0
   48 00000033 00 00 00        DCB              0,  0,0
   49 00000036 00 00 00        DCB              0,  0,0
   50 00000039 00 FF 00        DCB              0,  255,0
   51 0000003C 00 00 00        DCB              0,  0,0
   52 0000003F 00 00 00        DCB              0,  0,0
   53 00000042 00 00 00        DCB              0,  0,0
   54 00000045 00 AA 00        DCB              0,0xAA,0
   55 00000048 00 00 00        DCB              0,  0,0
   56 0000004B 00 00 00        DCB              0,  0,0
   57 0000004E 00 00 00        DCB              0,  0,0
   58 00000051 00 FF 00        DCB              0,  255,0
   59 00000054 00 00 00        DCB              0,  0,0
   60 00000057 00 00 00        DCB              0,  0,0
   61 0000005A 00 00 00        DCB              0,  0,0
   62 0000005D 00 00 FF        DCB              0,  0,255
   63 00000060         
   64 00000060         ;*******************************************************
                       *******************
   65 00000060         
   66 00000060         
   67 00000060         
   68 00000060         ;***************CODE************************************
                       *******************
   69 00000060                 AREA             moncode, code, readonly
   70 00000000         ;*******************************************************
                       *******************
   71 00000000         
   72 00000000         
   73 00000000         
   74 00000000         
   75 00000000         
   76 00000000         
   77 00000000         
   78 00000000         ;#######################################################
                       #################
   79 00000000         ; Procédure ????
   80 00000000         ;#######################################################
                       #################
   81 00000000         ;
   82 00000000         ; Paramètre entrant  : ???
   83 00000000         ; Paramètre sortant  : ???
   84 00000000         ; Variables globales : ???
   85 00000000         ; Registres modifiés : ???
   86 00000000         ;-------------------------------------------------------
                       -----------------
   87 00000000         
   88 00000000         
   89 00000000         
   90 00000000         
   91 00000000         
   92 00000000         
   93 00000000         ;*******************************************************
                       *******************
   94 00000000                 END
   27 00000000         



ARM Macro Assembler    Page 5 


   28 00000000         
   29 00000000         ;*******************************************************
                       *******************
   30 00000000         
   31 00000000         
   32 00000000         ;***************VARIABLES*******************************
                       *******************
   33 00000000                 AREA             MesDonnees, data, readwrite
   34 00000060         ;*******************************************************
                       *******************
   35 00000060         
   36 00000060         
   37 00000060         
   38 00000060         ;*******************************************************
                       *******************
   39 00000060         
   40 00000060         
   41 00000060         
   42 00000060         ;***************CODE************************************
                       *******************
   43 00000060                 AREA             moncode, code, readonly
   44 00000000         ;*******************************************************
                       *******************
   45 00000000         
   46 00000000         DriverGlobal
                               PROC
   47 00000000 E92D 1FFF       PUSH             {R0-R12}
   48 00000004 4B6B            LDR              R3,=Barrette1
   49 00000006 F8DF 91B0       LDR              R9,=DataSend
   50 0000000A F04F 0020       MOV              R0,#0x01<<5
   51 0000000E F7FF FFFE       BL               Set
   52 00000012         
   53 00000012 F04F 0201       MOV              R2,#1       ;R2 compteur nbLed 
                                                            
   54 00000016 F813 4B01 
                       b1      LDRB             R4,[R3],#1  ;R4 valeur courante
                                                            
   55 0000001A EA4F 6404       LSL              R4,#24
   56 0000001E         
   57 0000001E F04F 0601       MOV              R6,#1       ;R6 compteur nbBit
   58 00000022 F04F 0020 
                       b2      MOV              R0,#0x01<<5
   59 00000026 F7FF FFFE       BL               Reset       ;reset sclk
   60 0000002A F004 4700       AND              R7,R4,#0x01<<31
   61 0000002E F1B7 4F00       CMP              R7,#0x01<<31
   62 00000032 D000            BEQ              setSin
   63 00000034 D104            BNE              resetSin
   64 00000036 F04F 0080 
                       setSin  MOV              R0,#0x01<<7
   65 0000003A F7FF FFFE       BL               Set         ;set sin
   66 0000003E E003            B                saut
   67 00000040 F04F 0080 
                       resetSin
                               MOV              R0,#0x01<<7
   68 00000044 F7FF FFFE       BL               Reset       ;resetSin
   69 00000048 EA4F 0444 
                       saut    LSL              R4,#1
   70 0000004C F04F 0020       MOV              R0,#0x01<<5
   71 00000050 F7FF FFFE       BL               Set         ;set sclk



ARM Macro Assembler    Page 6 


   72 00000054 F106 0601       ADD              R6,#1
   73 00000058 2E0C            CMP              R6,#12
   74 0000005A D1E2            BNE              b2
   75 0000005C F102 0201       ADD              R2,#1
   76 00000060 2A30            CMP              R2,#48
   77 00000062 D1D8            BNE              b1
   78 00000064 F04F 0A00       MOV              R10,#0
   79 00000068 F8A9 A000       STRH             R10,[R9]
   80 0000006C         
   81 0000006C E8BD 1FFF       POP              {R0-R12}
   82 00000070 4770            BX               LR
   83 00000072                 ENDP
   84 00000072         
   85 00000072         DriverReg
                               PROC                         ;R3 argument addres
                                                            se de barrette1
   86 00000072 E92D 5FF7       PUSH             {R0-R2,R4-R12,LR}
   87 00000076 F8DF 9140       LDR              R9,=DataSend
   88 0000007A F04F 0020       MOV              R0,#0x01<<5
   89 0000007E F7FF FFFE       BL               Set
   90 00000082         
   91 00000082 F04F 0200       MOV              R2,#0       ;R2 compteur nbLed 
                                                            
   92 00000086 F813 4B01 
                       b12     LDRB             R4,[R3],#1  ;R4 valeur courante
                                                            
   93 0000008A EA4F 6404       LSL              R4,#24
   94 0000008E         
   95 0000008E F04F 0600       MOV              R6,#0       ;R6 compteur nbBit
   96 00000092 F04F 0020 
                       b22     MOV              R0,#0x01<<5
   97 00000096 F7FF FFFE       BL               Reset       ;reset sclk
   98 0000009A F004 4700       AND              R7,R4,#0x01<<31
   99 0000009E F1B7 4F00       CMP              R7,#0x01<<31
  100 000000A2 D000            BEQ              setSin2
  101 000000A4 D104            BNE              resetSin2
  102 000000A6 F04F 0080 
                       setSin2 MOV              R0,#0x01<<7
  103 000000AA F7FF FFFE       BL               Set         ;set sin
  104 000000AE E003            B                saut2
  105 000000B0 F04F 0080 
                       resetSin2
                               MOV              R0,#0x01<<7
  106 000000B4 F7FF FFFE       BL               Reset       ;resetSin
  107 000000B8 EA4F 0444 
                       saut2   LSL              R4,#1
  108 000000BC F04F 0020       MOV              R0,#0x01<<5
  109 000000C0 F7FF FFFE       BL               Set         ;set sclk
  110 000000C4 F106 0601       ADD              R6,#1
  111 000000C8 2E0C            CMP              R6,#12
  112 000000CA D1E2            BNE              b22
  113 000000CC F102 0201       ADD              R2,#1
  114 000000D0 2A30            CMP              R2,#48
  115 000000D2 D1D8            BNE              b12
  116 000000D4 F04F 0A00       MOV              R10,#0
  117 000000D8 F8A9 A000       STRH             R10,[R9]
  118 000000DC         
  119 000000DC E8BD 5FF7       POP              {R0-R2,R4-R12,LR}
  120 000000E0 4770            BX               LR



ARM Macro Assembler    Page 7 


  121 000000E2                 ENDP
  122 000000E2         
  123 000000E2         
  124 000000E2         DriverPile
                               PROC                         ;addresse de barret
                                                            te en haut de la pi
                                                            le
  125 000000E2 F84D CD04       PUSH             {R12}
  126 000000E6 46EC            MOV              R12,SP
  127 000000E8 E92D 4FFF       PUSH             {R0-R11,LR}
  128 000000EC F8DC 3004       LDR              R3,[R12,#4]
  129 000000F0 F8DF 90C4       LDR              R9,=DataSend
  130 000000F4 F04F 0020       MOV              R0,#0x01<<5
  131 000000F8 F7FF FFFE       BL               Set
  132 000000FC         
  133 000000FC F04F 0200       MOV              R2,#0       ;R2 compteur nbLed 
                                                            
  134 00000100 F813 4B01 
                       b13     LDRB             R4,[R3],#1  ;R4 valeur courante
                                                            
  135 00000104 EA4F 6404       LSL              R4,#24
  136 00000108         
  137 00000108 F04F 0600       MOV              R6,#0       ;R6 compteur nbBit
  138 0000010C F04F 0020 
                       b23     MOV              R0,#0x01<<5
  139 00000110 F7FF FFFE       BL               Reset       ;reset sclk
  140 00000114 F004 4700       AND              R7,R4,#0x01<<31
  141 00000118 F1B7 4F00       CMP              R7,#0x01<<31
  142 0000011C D000            BEQ              setSin3
  143 0000011E D104            BNE              resetSin3
  144 00000120 F04F 0080 
                       setSin3 MOV              R0,#0x01<<7
  145 00000124 F7FF FFFE       BL               Set         ;set sin
  146 00000128 E003            B                saut3
  147 0000012A F04F 0080 
                       resetSin3
                               MOV              R0,#0x01<<7
  148 0000012E F7FF FFFE       BL               Reset       ;resetSin
  149 00000132 EA4F 0444 
                       saut3   LSL              R4,#1
  150 00000136 F04F 0020       MOV              R0,#0x01<<5
  151 0000013A F7FF FFFE       BL               Set         ;set sclk
  152 0000013E F106 0601       ADD              R6,#1
  153 00000142 2E0C            CMP              R6,#12
  154 00000144 D1E2            BNE              b23
  155 00000146 F102 0201       ADD              R2,#1
  156 0000014A 2A30            CMP              R2,#48
  157 0000014C D1D8            BNE              b13
  158 0000014E F04F 0A00       MOV              R10,#0
  159 00000152 F8A9 A000       STRH             R10,[R9]
  160 00000156         
  161 00000156 E8BD 4FFF       POP              {R0-R11,LR}
  162 0000015A F85D CB04       POP              {R12}
  163 0000015E 4770            BX               LR
  164 00000160                 ENDP
  165 00000160         
  166 00000160         
  167 00000160         Set     PROC
  168 00000160 F84D AD04       PUSH             {R10}



ARM Macro Assembler    Page 8 


  169 00000164 F8DF A054       LDR              R10,=GPIOBASEA+OffsetSet
  170 00000168 F8AA 0000       STRH             R0,[R10]
  171 0000016C F85D AB04       POP              {R10}
  172 00000170 4770            BX               LR
  173 00000172                 ENDP
  174 00000172         
  175 00000172         Reset   PROC
  176 00000172 F84D AD04       PUSH             {R10}
  177 00000176 F8DF A048       LDR              R10,=GPIOBASEA+OffsetReset
  178 0000017A F8AA 0000       STRH             R0,[R10]
  179 0000017E F85D AB04       POP              {R10}
  180 00000182 4770            BX               LR
  181 00000184                 ENDP
  182 00000184         
  183 00000184         Tempo   PROC
  184 00000184 B406            PUSH             {R1,R2}
  185 00000186 F04F 010A       MOV              R1,#10
  186 0000018A FB00 F001       MUL              R0,R1
  187 0000018E F240 12F7 
                       btemp1  MOV              R2,#503
  188 00000192 BF00    btemp2  NOP
  189 00000194 BF00            NOP
  190 00000196 BF00            NOP
  191 00000198 BF00            NOP
  192 0000019A BF00            NOP
  193 0000019C BF00            NOP
  194 0000019E BF00            NOP
  195 000001A0 BF00            NOP
  196 000001A2 BF00            NOP
  197 000001A4 BF00            NOP
  198 000001A6 3A01            SUBS             R2,#1
  199 000001A8 D1F3            BNE              btemp2
  200 000001AA 3801            SUBS             R0,#1
  201 000001AC D1EF            BNE              btemp1
  202 000001AE BC06            POP              {R1,R2}
  203 000001B0 4770            BX               LR
  204 000001B2                 ENDP
  205 000001B2         
  206 000001B2         
  207 000001B2         ;#######################################################
                       #################
  208 000001B2         ; Procédure ????
  209 000001B2         ;#######################################################
                       #################
  210 000001B2         ;
  211 000001B2         ; Paramètre entrant  : ???
  212 000001B2         ; Paramètre sortant  : ???
  213 000001B2         ; Variables globales : ???
  214 000001B2         ; Registres modifiés : ???
  215 000001B2         ;-------------------------------------------------------
                       -----------------
  216 000001B2         
  217 000001B2         
  218 000001B2         
  219 000001B2         
  220 000001B2         
  221 000001B2         
  222 000001B2         ;*******************************************************
                       *******************



ARM Macro Assembler    Page 9 


  223 000001B2                 END
              00 00 00000000 
              00000000 
              40010810 
              40010814 
Command Line: --debug --xref --diag_suppress=9931 --cpu=Cortex-M3 --apcs=interw
ork --depend=.\objects\fonctionetape2.d -o.\objects\fonctionetape2.o -I.\RTE\De
vice\STM32F103RB -I.\RTE\_Simul_ -IC:\Users\ordinateur\AppData\Local\Arm\Packs\
ARM\CMSIS\5.6.0\CMSIS\Core\Include -IC:\Users\ordinateur\AppData\Local\Arm\Pack
s\Keil\STM32F1xx_DFP\2.3.0\Device\Include --predefine="__EVAL SETA 1" --predefi
ne="__MICROLIB SETA 1" --predefine="__UVISION_VERSION SETA 529" --predefine="_R
TE_ SETA 1" --predefine="STM32F10X_MD SETA 1" --predefine="STM32F10X_MD SETA 1"
 --list=.\listings\fonctionetape2.lst FonctionEtape2.asm



ARM Macro Assembler    Page 1 Alphabetic symbol ordering
Relocatable symbols

Barrette1 00000000

Symbol: Barrette1
   Definitions
      At line 30 in file Lumiere.asm
   Uses
      At line 48 in file FonctionEtape2.asm
Comment: Barrette1 used once
Barrette2 00000030

Symbol: Barrette2
   Definitions
      At line 47 in file Lumiere.asm
   Uses
      None
Comment: Barrette2 unused
MesDonnees 00000000

Symbol: MesDonnees
   Definitions
      At line 27 in file Lumiere.asm
   Uses
      None
Comment: MesDonnees unused
3 symbols



ARM Macro Assembler    Page 1 Alphabetic symbol ordering
Relocatable symbols

DriverGlobal 00000000

Symbol: DriverGlobal
   Definitions
      At line 46 in file FonctionEtape2.asm
   Uses
      At line 14 in file FonctionEtape2.asm
Comment: DriverGlobal used once
DriverPile 000000E2

Symbol: DriverPile
   Definitions
      At line 124 in file FonctionEtape2.asm
   Uses
      At line 17 in file FonctionEtape2.asm
Comment: DriverPile used once
DriverReg 00000072

Symbol: DriverReg
   Definitions
      At line 85 in file FonctionEtape2.asm
   Uses
      At line 16 in file FonctionEtape2.asm
Comment: DriverReg used once
Reset 00000172

Symbol: Reset
   Definitions
      At line 175 in file FonctionEtape2.asm
   Uses
      At line 59 in file FonctionEtape2.asm
      At line 68 in file FonctionEtape2.asm
      At line 97 in file FonctionEtape2.asm
      At line 106 in file FonctionEtape2.asm
      At line 139 in file FonctionEtape2.asm
      At line 148 in file FonctionEtape2.asm

Set 00000160

Symbol: Set
   Definitions
      At line 167 in file FonctionEtape2.asm
   Uses
      At line 51 in file FonctionEtape2.asm
      At line 65 in file FonctionEtape2.asm
      At line 71 in file FonctionEtape2.asm
      At line 89 in file FonctionEtape2.asm
      At line 103 in file FonctionEtape2.asm
      At line 109 in file FonctionEtape2.asm
      At line 131 in file FonctionEtape2.asm
      At line 145 in file FonctionEtape2.asm
      At line 151 in file FonctionEtape2.asm

Tempo 00000184

Symbol: Tempo
   Definitions
      At line 183 in file FonctionEtape2.asm
   Uses



ARM Macro Assembler    Page 2 Alphabetic symbol ordering
Relocatable symbols

      At line 15 in file FonctionEtape2.asm
Comment: Tempo used once
b1 00000016

Symbol: b1
   Definitions
      At line 54 in file FonctionEtape2.asm
   Uses
      At line 77 in file FonctionEtape2.asm
Comment: b1 used once
b12 00000086

Symbol: b12
   Definitions
      At line 92 in file FonctionEtape2.asm
   Uses
      At line 115 in file FonctionEtape2.asm
Comment: b12 used once
b13 00000100

Symbol: b13
   Definitions
      At line 134 in file FonctionEtape2.asm
   Uses
      At line 157 in file FonctionEtape2.asm
Comment: b13 used once
b2 00000022

Symbol: b2
   Definitions
      At line 58 in file FonctionEtape2.asm
   Uses
      At line 74 in file FonctionEtape2.asm
Comment: b2 used once
b22 00000092

Symbol: b22
   Definitions
      At line 96 in file FonctionEtape2.asm
   Uses
      At line 112 in file FonctionEtape2.asm
Comment: b22 used once
b23 0000010C

Symbol: b23
   Definitions
      At line 138 in file FonctionEtape2.asm
   Uses
      At line 154 in file FonctionEtape2.asm
Comment: b23 used once
btemp1 0000018E

Symbol: btemp1
   Definitions
      At line 187 in file FonctionEtape2.asm
   Uses
      At line 201 in file FonctionEtape2.asm
Comment: btemp1 used once
btemp2 00000192



ARM Macro Assembler    Page 3 Alphabetic symbol ordering
Relocatable symbols


Symbol: btemp2
   Definitions
      At line 188 in file FonctionEtape2.asm
   Uses
      At line 199 in file FonctionEtape2.asm
Comment: btemp2 used once
moncode 00000000

Symbol: moncode
   Definitions
      At line 69 in file Lumiere.asm
   Uses
      None
Comment: moncode unused
resetSin 00000040

Symbol: resetSin
   Definitions
      At line 67 in file FonctionEtape2.asm
   Uses
      At line 63 in file FonctionEtape2.asm
Comment: resetSin used once
resetSin2 000000B0

Symbol: resetSin2
   Definitions
      At line 105 in file FonctionEtape2.asm
   Uses
      At line 101 in file FonctionEtape2.asm
Comment: resetSin2 used once
resetSin3 0000012A

Symbol: resetSin3
   Definitions
      At line 147 in file FonctionEtape2.asm
   Uses
      At line 143 in file FonctionEtape2.asm
Comment: resetSin3 used once
saut 00000048

Symbol: saut
   Definitions
      At line 69 in file FonctionEtape2.asm
   Uses
      At line 66 in file FonctionEtape2.asm
Comment: saut used once
saut2 000000B8

Symbol: saut2
   Definitions
      At line 107 in file FonctionEtape2.asm
   Uses
      At line 104 in file FonctionEtape2.asm
Comment: saut2 used once
saut3 00000132

Symbol: saut3
   Definitions



ARM Macro Assembler    Page 4 Alphabetic symbol ordering
Relocatable symbols

      At line 149 in file FonctionEtape2.asm
   Uses
      At line 146 in file FonctionEtape2.asm
Comment: saut3 used once
setSin 00000036

Symbol: setSin
   Definitions
      At line 64 in file FonctionEtape2.asm
   Uses
      At line 62 in file FonctionEtape2.asm
Comment: setSin used once
setSin2 000000A6

Symbol: setSin2
   Definitions
      At line 102 in file FonctionEtape2.asm
   Uses
      At line 100 in file FonctionEtape2.asm
Comment: setSin2 used once
setSin3 00000120

Symbol: setSin3
   Definitions
      At line 144 in file FonctionEtape2.asm
   Uses
      At line 142 in file FonctionEtape2.asm
Comment: setSin3 used once
24 symbols



ARM Macro Assembler    Page 1 Alphabetic symbol ordering
Absolute symbols

GPIOBASEA 40010800

Symbol: GPIOBASEA
   Definitions
      At line 24 in file REG_UTILES.inc
   Uses
      At line 169 in file FonctionEtape2.asm
      At line 177 in file FonctionEtape2.asm

GPIOBASEB 40010C00

Symbol: GPIOBASEB
   Definitions
      At line 25 in file REG_UTILES.inc
   Uses
      None
Comment: GPIOBASEB unused
MaskBlank 00000004

Symbol: MaskBlank
   Definitions
      At line 37 in file REG_UTILES.inc
   Uses
      None
Comment: MaskBlank unused
MaskDsprg 00000002

Symbol: MaskDsprg
   Definitions
      At line 39 in file REG_UTILES.inc
   Uses
      None
Comment: MaskDsprg unused
MaskGsclk 00000001

Symbol: MaskGsclk
   Definitions
      At line 40 in file REG_UTILES.inc
   Uses
      None
Comment: MaskGsclk unused
MaskSclk 00000020

Symbol: MaskSclk
   Definitions
      At line 38 in file REG_UTILES.inc
   Uses
      None
Comment: MaskSclk unused
MaskSerial_Dots 00000080

Symbol: MaskSerial_Dots
   Definitions
      At line 34 in file REG_UTILES.inc
   Uses
      None
Comment: MaskSerial_Dots unused
MaskSerial_In1 00000080




ARM Macro Assembler    Page 2 Alphabetic symbol ordering
Absolute symbols

Symbol: MaskSerial_In1
   Definitions
      At line 33 in file REG_UTILES.inc
   Uses
      None
Comment: MaskSerial_In1 unused
MaskVprg 00000010

Symbol: MaskVprg
   Definitions
      At line 35 in file REG_UTILES.inc
   Uses
      None
Comment: MaskVprg unused
MaskXlat 00000008

Symbol: MaskXlat
   Definitions
      At line 36 in file REG_UTILES.inc
   Uses
      None
Comment: MaskXlat unused
OffsetInput 00000008

Symbol: OffsetInput
   Definitions
      At line 27 in file REG_UTILES.inc
   Uses
      None
Comment: OffsetInput unused
OffsetOutput 0000000C

Symbol: OffsetOutput
   Definitions
      At line 28 in file REG_UTILES.inc
   Uses
      None
Comment: OffsetOutput unused
OffsetReset 00000014

Symbol: OffsetReset
   Definitions
      At line 30 in file REG_UTILES.inc
   Uses
      At line 177 in file FonctionEtape2.asm
Comment: OffsetReset used once
OffsetSet 00000010

Symbol: OffsetSet
   Definitions
      At line 29 in file REG_UTILES.inc
   Uses
      At line 169 in file FonctionEtape2.asm
Comment: OffsetSet used once
SCB_VTOR E000ED08

Symbol: SCB_VTOR
   Definitions
      At line 43 in file REG_UTILES.inc



ARM Macro Assembler    Page 3 Alphabetic symbol ordering
Absolute symbols

   Uses
      None
Comment: SCB_VTOR unused
TIM1_CNT 40012C24

Symbol: TIM1_CNT
   Definitions
      At line 45 in file REG_UTILES.inc
   Uses
      None
Comment: TIM1_CNT unused
TIM1_SR 40012C10

Symbol: TIM1_SR
   Definitions
      At line 44 in file REG_UTILES.inc
   Uses
      None
Comment: TIM1_SR unused
TIM4_ARR 4000082C

Symbol: TIM4_ARR
   Definitions
      At line 46 in file REG_UTILES.inc
   Uses
      None
Comment: TIM4_ARR unused
TIM4_SR 40000810

Symbol: TIM4_SR
   Definitions
      At line 47 in file REG_UTILES.inc
   Uses
      None
Comment: TIM4_SR unused
19 symbols



ARM Macro Assembler    Page 1 Alphabetic symbol ordering
External symbols

DataSend 00000000

Symbol: DataSend
   Definitions
      At line 18 in file FonctionEtape2.asm
   Uses
      At line 49 in file FonctionEtape2.asm
      At line 87 in file FonctionEtape2.asm
      At line 129 in file FonctionEtape2.asm

1 symbol
384 symbols in table
