


ARM Macro Assembler    Page 1 


    1 00000000         ;*******************************************************
                       ********************
    2 00000000                 THUMB
    3 00000000                 REQUIRE8
    4 00000000                 PRESERVE8
    5 00000000         
    6 00000000         ;*******************************************************
                       *******************
    7 00000000         ;  Fichier Vierge.asm
    8 00000000         ; Auteur : V.MAHOUT
    9 00000000         ; Date :  12/11/2013
   10 00000000         ;*******************************************************
                       *******************
   11 00000000         
   12 00000000         ;***************IMPORT/EXPORT***************************
                       *******************
   13 00000000         
   14 00000000                 EXPORT           DriverGlobal
   15 00000000                 EXPORT           Tempo
   16 00000000                 EXPORT           DriverReg
   17 00000000                 EXPORT           DriverPile
   18 00000000                 IMPORT           DataSend
   19 00000000         ;*******************************************************
                       *******************
   20 00000000         
   21 00000000         
   22 00000000         
   23 00000000         ;***************CONSTANTES******************************
                       *******************
   24 00000000         
   25 00000000                 include          REG_UTILES.inc
    1 00000000         
    2 00000000         ;**************************************
    3 00000000         ;     Les adresess utiles  
    4 00000000         ;***************************************
    5 00000000         
    6 00000000         
    7 00000000         ;**************************************
    8 00000000         ;     Affectation des bits GPIO  
    9 00000000         ;***************************************
   10 00000000         ; GSLCK..... PA0 
   11 00000000         ; DSPRG..... PA1 
   12 00000000         ; BLANK..... PA2 
   13 00000000         ; XLAT...... PA3
   14 00000000         ; VPRG...... PA4
   15 00000000         ; SCLK...... PA5
   16 00000000         ; SIN1...... PA7
   17 00000000         ;Capteur.....PA8
   18 00000000         
   19 00000000         ;LED.........PB10
   20 00000000         ;****************************************/
   21 00000000         
   22 00000000         
   23 00000000         
   24 00000000 40010800 
                       GPIOBASEA
                               EQU              0X40010800
   25 00000000 40010C00 
                       GPIOBASEB



ARM Macro Assembler    Page 2 


                               EQU              0X40010C00
   26 00000000         
   27 00000000 00000008 
                       OffsetInput
                               EQU              0x08
   28 00000000 0000000C 
                       OffsetOutput
                               EQU              0x0C
   29 00000000 00000010 
                       OffsetSet
                               EQU              0x10
   30 00000000 00000014 
                       OffsetReset
                               EQU              0x14
   31 00000000         
   32 00000000         
   33 00000000 00000080 
                       MaskSerial_In1
                               equ              0x80
   34 00000000 00000080 
                       MaskSerial_Dots
                               equ              0x80
   35 00000000 00000010 
                       MaskVprg
                               equ              0x10
   36 00000000 00000008 
                       MaskXlat
                               equ              0x08
   37 00000000 00000004 
                       MaskBlank
                               equ              0x04
   38 00000000 00000020 
                       MaskSclk
                               equ              0x20
   39 00000000 00000002 
                       MaskDsprg
                               equ              0x02
   40 00000000 00000001 
                       MaskGsclk
                               equ              0x01
   41 00000000         
   42 00000000         
   43 00000000 E000ED08 
                       SCB_VTOR
                               EQU              0xE000ED08
   44 00000000 40012C10 
                       TIM1_SR EQU              0x40012c10
   45 00000000 40012C24 
                       TIM1_CNT
                               EQU              0x40012c24
   46 00000000 4000082C 
                       TIM4_ARR
                               EQU              0x4000082C
   47 00000000 40000810 
                       TIM4_SR EQU              0x40000810
   48 00000000         
   49 00000000         
   50 00000000         
   51 00000000         



ARM Macro Assembler    Page 3 


   52 00000000         
   53 00000000                 END
   26 00000000                 include          Lumiere.asm
    1 00000000         ;*******************************************************
                       ********************
    2 00000000                 THUMB
    3 00000000                 REQUIRE8
    4 00000000                 PRESERVE8
    5 00000000         
    6 00000000         ;*******************************************************
                       *******************
    7 00000000         ;  Fichier Vierge.asm
    8 00000000         ; Auteur : V.MAHOUT
    9 00000000         ; Date :  12/11/2013
   10 00000000         ;*******************************************************
                       *******************
   11 00000000         
   12 00000000         ;***************IMPORT/EXPORT***************************
                       *******************
   13 00000000         
   14 00000000         
   15 00000000         ;*******************************************************
                       *******************
   16 00000000         
   17 00000000         
   18 00000000         
   19 00000000         ;***************CONSTANTES******************************
                       *******************
   20 00000000         
   21 00000000 00000008 
                       Nbsecteurs
                               equ              8
   22 00000000 00000003 
                       PuissanceNbSecteur
                               equ              3
   23 00000000         ;*******************************************************
                       *******************
   24 00000000         
   25 00000000         
   26 00000000         ;***************VARIABLES*******************************
                       *******************
   27 00000000                 AREA             MesDonnees, data, readwrite
   28 00000000         ;*******************************************************
                       *******************
   29 00000000         
   30 00000000 00      numSecteur
                               DCB              0
   31 00000001 FF 00 00 
              FF 00 00 
              FF 00 00 
              FF 00 00 
              FF 00 00 
              FF 00 00 
              FF 00 00 
              FF 00 00 
              FF 00 00 
              FF 00 00 
              FF 00 00 
              FF 00 00 



ARM Macro Assembler    Page 4 


              FF 00 00 
              FF 00 00 
              FF 00 00 
              FF 00 00 mire    DCB              255,0,0, 255,0,0, 255,0,0, 255,
0,0, 255,0,0, 255,0,0, 255,0,0, 255,0,0, 255,0,0, 255,0,0, 255,0,0, 255,0,0, 25
5,0,0, 255,0,0, 255,0,0, 255,0,0
   32 00000031 00 FF 00 
              00 FF 00 
              00 FF 00 
              00 FF 00 
              00 FF 00 
              00 FF 00 
              00 FF 00 
              00 FF 00 
              00 FF 00 
              00 FF 00 
              00 FF 00 
              00 FF 00 
              00 FF 00 
              00 FF 00 
              00 FF 00 
              00 FF 00         DCB              0,255,0, 0,255,0, 0,255,0, 0,25
5,0, 0,255,0, 0,255,0, 0,255,0, 0,255,0, 0,255,0, 0,255,0, 0,255,0, 0,255,0, 0,
255,0, 0,255,0, 0,255,0, 0,255,0
   33 00000061 00 00 FF 
              00 00 FF 
              00 00 FF 
              00 00 FF 
              00 00 FF 
              00 00 FF 
              00 00 FF 
              00 00 FF 
              00 00 FF 
              00 00 FF 
              00 00 FF 
              00 00 FF 
              00 00 FF 
              00 00 FF 
              00 00 FF 
              00 00 FF         DCB              0,0,255, 0,0,255, 0,0,255, 0,0,
255, 0,0,255, 0,0,255, 0,0,255, 0,0,255, 0,0,255, 0,0,255, 0,0,255, 0,0,255, 0,
0,255, 0,0,255, 0,0,255, 0,0,255
   34 00000091 FF FF 00 
              FF FF 00 
              FF FF 00 
              FF FF 00 
              FF FF 00 
              FF FF 00 
              FF FF 00 
              FF FF 00 
              FF FF 00 
              FF FF 00 
              FF FF 00 
              FF FF 00 
              FF FF 00 
              FF FF 00 
              FF FF 00 
              FF FF 00         DCB              255,255,0, 255,255,0, 255,255,0
, 255,255,0, 255,255,0, 255,255,0, 255,255,0, 255,255,0, 255,255,0, 255,255,0, 



ARM Macro Assembler    Page 5 


255,255,0, 255,255,0, 255,255,0, 255,255,0, 255,255,0, 255,255,0
   35 000000C1 FF 00 FF 
              FF 00 FF 
              FF 00 FF 
              FF 00 FF 
              FF 00 FF 
              FF 00 FF 
              FF 00 FF 
              FF 00 FF 
              FF 00 FF 
              FF 00 FF 
              FF 00 FF 
              FF 00 FF 
              FF 00 FF 
              FF 00 FF 
              FF 00 FF 
              FF 00 FF         DCB              255,0,255, 255,0,255, 255,0,255
, 255,0,255, 255,0,255, 255,0,255, 255,0,255, 255,0,255, 255,0,255, 255,0,255, 
255,0,255, 255,0,255, 255,0,255, 255,0,255, 255,0,255, 255,0,255
   36 000000F1 00 FF FF 
              00 FF FF 
              00 FF FF 
              00 FF FF 
              00 FF FF 
              00 FF FF 
              00 FF FF 
              00 FF FF 
              00 FF FF 
              00 FF FF 
              00 FF FF 
              00 FF FF 
              00 FF FF 
              00 FF FF 
              00 FF FF 
              00 FF FF         DCB              0,255,255, 0,255,255, 0,255,255
, 0,255,255, 0,255,255, 0,255,255, 0,255,255, 0,255,255, 0,255,255, 0,255,255, 
0,255,255, 0,255,255, 0,255,255, 0,255,255, 0,255,255, 0,255,255
   37 00000121 FF FF FF 
              FF FF FF 
              FF FF FF 
              FF FF FF 
              FF FF FF 
              FF FF FF 
              FF FF FF 
              FF FF FF 
              FF FF FF 
              FF FF FF 
              FF FF FF 
              FF FF FF 
              FF FF FF 
              FF FF FF 
              FF FF FF 
              FF FF FF         DCB              255,255,255, 255,255,255, 255,2
55,255, 255,255,255, 255,255,255, 255,255,255, 255,255,255, 255,255,255, 255,25
5,255, 255,255,255, 255,255,255, 255,255,255, 255,255,255, 255,255,255, 255,255
,255, 255,255,255
   38 00000151 05 05 05 
              05 05 05 
              05 05 05 



ARM Macro Assembler    Page 6 


              05 05 05 
              05 05 05 
              05 05 05 
              05 05 05 
              05 05 05 
              05 05 05 
              05 05 05 
              05 05 05 
              05 05 05 
              05 05 05 
              05 05 05 
              05 05 05 
              05 05 05         DCB              5,5,5, 5,5,5, 5,5,5, 5,5,5, 5,5
,5, 5,5,5, 5,5,5, 5,5,5, 5,5,5, 5,5,5, 5,5,5, 5,5,5, 5,5,5, 5,5,5, 5,5,5, 5,5,5
   39 00000181         
   40 00000181         
   41 00000181         
   42 00000181         ;*******************************************************
                       *******************
   43 00000181         
   44 00000181         
   45 00000181         
   46 00000181         ;***************CODE************************************
                       *******************
   47 00000181                 AREA             moncode, code, readonly
   48 00000000         ;*******************************************************
                       *******************
   49 00000000         
   50 00000000         
   51 00000000         
   52 00000000         
   53 00000000         
   54 00000000         
   55 00000000         
   56 00000000         ;#######################################################
                       #################
   57 00000000         ; Procédure ????
   58 00000000         ;#######################################################
                       #################
   59 00000000         ;
   60 00000000         ; Paramètre entrant  : ???
   61 00000000         ; Paramètre sortant  : ???
   62 00000000         ; Variables globales : ???
   63 00000000         ; Registres modifiés : ???
   64 00000000         ;-------------------------------------------------------
                       -----------------
   65 00000000         
   66 00000000         
   67 00000000         
   68 00000000         
   69 00000000         
   70 00000000         
   71 00000000         ;*******************************************************
                       *******************
   72 00000000                 END
   27 00000000         
   28 00000000         
   29 00000000         ;*******************************************************
                       *******************



ARM Macro Assembler    Page 7 


   30 00000000         
   31 00000000         
   32 00000000         ;***************VARIABLES*******************************
                       *******************
   33 00000000                 AREA             MesDonnees, data, readwrite
   34 00000181         ;*******************************************************
                       *******************
   35 00000181         
   36 00000181         
   37 00000181         
   38 00000181         ;*******************************************************
                       *******************
   39 00000181         
   40 00000181         
   41 00000181         
   42 00000181         ;***************CODE************************************
                       *******************
   43 00000181                 AREA             moncode, code, readonly
   44 00000000         ;*******************************************************
                       *******************
   45 00000000         
   46 00000000         DriverGlobal
                               PROC
   47 00000000 E92D 1FFF       PUSH             {R0-R12}
   48 00000004 4B6D            LDR              R3,=Barrette1
   49 00000006 F8DF 91B8       LDR              R9,=DataSend
   50 0000000A F04F 0020       MOV              R0,#0x01<<5
   51 0000000E F7FF FFFE       BL               Set
   52 00000012         
   53 00000012 F04F 0201       MOV              R2,#1       ;R2 compteur nbLed 
                                                            
   54 00000016 F813 4B01 
                       b1      LDRB             R4,[R3],#1  ;R4 valeur courante
                                                            
   55 0000001A EA4F 6404       LSL              R4,#24
   56 0000001E         
   57 0000001E F04F 0601       MOV              R6,#1       ;R6 compteur nbBit
   58 00000022 F04F 0020 
                       b2      MOV              R0,#0x01<<5
   59 00000026 F7FF FFFE       BL               Reset       ;reset sclk
   60 0000002A F004 4700       AND              R7,R4,#0x01<<31
   61 0000002E F1B7 4F00       CMP              R7,#0x01<<31
   62 00000032 D000            BEQ              setSin
   63 00000034 D104            BNE              resetSin
   64 00000036 F04F 0080 
                       setSin  MOV              R0,#0x01<<7
   65 0000003A F7FF FFFE       BL               Set         ;set sin
   66 0000003E E003            B                saut
   67 00000040 F04F 0080 
                       resetSin
                               MOV              R0,#0x01<<7
   68 00000044 F7FF FFFE       BL               Reset       ;resetSin
   69 00000048 EA4F 0444 
                       saut    LSL              R4,#1
   70 0000004C F04F 0020       MOV              R0,#0x01<<5
   71 00000050 F7FF FFFE       BL               Set         ;set sclk
   72 00000054 F106 0601       ADD              R6,#1
   73 00000058 2E0C            CMP              R6,#12
   74 0000005A D1E2            BNE              b2



ARM Macro Assembler    Page 8 


   75 0000005C F102 0201       ADD              R2,#1
   76 00000060 2A30            CMP              R2,#48
   77 00000062 D1D8            BNE              b1
   78 00000064 F04F 0A00       MOV              R10,#0
   79 00000068 F8A9 A000       STRH             R10,[R9]
   80 0000006C         
   81 0000006C E8BD 1FFF       POP              {R0-R12}
   82 00000070 4770            BX               LR
   83 00000072                 ENDP
   84 00000072         
   85 00000072         DriverReg
                               PROC                         ;R3 argument addres
                                                            se de barrette
   86 00000072 E92D 5FF7       PUSH             {R0-R2,R4-R12,LR}
   87 00000076 F8DF 9148       LDR              R9,=DataSend
   88 0000007A F04F 0020       MOV              R0,#0x01<<5
   89 0000007E F7FF FFFE       BL               Set
   90 00000082         
   91 00000082 F04F 0200       MOV              R2,#0       ;R2 compteur nbLed 
                                                            
   92 00000086 F813 4B01 
                       b12     LDRB             R4,[R3],#1  ;R4 valeur courante
                                                            
   93 0000008A EA4F 6404       LSL              R4,#24
   94 0000008E         
   95 0000008E F04F 0600       MOV              R6,#0       ;R6 compteur nbBit
   96 00000092 F04F 0020 
                       b22     MOV              R0,#0x01<<5
   97 00000096 F7FF FFFE       BL               Reset       ;reset sclk
   98 0000009A F004 4700       AND              R7,R4,#0x01<<31
   99 0000009E F1B7 4F00       CMP              R7,#0x01<<31
  100 000000A2 D000            BEQ              setSin2
  101 000000A4 D104            BNE              resetSin2
  102 000000A6 F04F 0080 
                       setSin2 MOV              R0,#0x01<<7
  103 000000AA F7FF FFFE       BL               Set         ;set sin
  104 000000AE E003            B                saut2
  105 000000B0 F04F 0080 
                       resetSin2
                               MOV              R0,#0x01<<7
  106 000000B4 F7FF FFFE       BL               Reset       ;resetSin
  107 000000B8 EA4F 0444 
                       saut2   LSL              R4,#1
  108 000000BC F04F 0020       MOV              R0,#0x01<<5
  109 000000C0 F7FF FFFE       BL               Set         ;set sclk
  110 000000C4 F106 0601       ADD              R6,#1
  111 000000C8 2E0C            CMP              R6,#12
  112 000000CA D1E2            BNE              b22
  113 000000CC F102 0201       ADD              R2,#1
  114 000000D0 2A30            CMP              R2,#48
  115 000000D2 D1D8            BNE              b12
  116 000000D4 F04F 0A00       MOV              R10,#0
  117 000000D8 F8A9 A000       STRH             R10,[R9]
  118 000000DC         
  119 000000DC E8BD 5FF7       POP              {R0-R2,R4-R12,LR}
  120 000000E0 4770            BX               LR
  121 000000E2                 ENDP
  122 000000E2         
  123 000000E2         



ARM Macro Assembler    Page 9 


  124 000000E2         DriverPile
                               PROC                         ;adresse de barrett
                                                            e en haut de la pil
                                                            e
  125 000000E2 F84D CD04       PUSH             {R12}
  126 000000E6 46EC            MOV              R12,SP      ;R12 l'adresse du h
                                                            aut de la pile(en d
                                                            essous de l'argumen
                                                            t)
  127 000000E8 E92D 4FFF       PUSH             {R0-R11,LR}
  128 000000EC F8DC 3004       LDR              R3,[R12,#4] ;R3 l'adresse de ba
                                                            rrette
  129 000000F0 F8DF 90CC       LDR              R9,=DataSend
  130 000000F4 F04F 0020       MOV              R0,#0x01<<5
  131 000000F8 F7FF FFFE       BL               Set
  132 000000FC         
  133 000000FC F04F 0200       MOV              R2,#0       ;R2 compteur nbLed 
                                                            
  134 00000100 F813 4B01 
                       b13     LDRB             R4,[R3],#1  ;R4 valeur courante
                                                            
  135 00000104 EA4F 6404       LSL              R4,#24
  136 00000108         
  137 00000108 F04F 0600       MOV              R6,#0       ;R6 compteur nbBit
  138 0000010C F04F 0020 
                       b23     MOV              R0,#0x01<<5
  139 00000110 F7FF FFFE       BL               Reset       ;reset sclk
  140 00000114 F004 4700       AND              R7,R4,#0x01<<31
  141 00000118 F1B7 4F00       CMP              R7,#0x01<<31
  142 0000011C D000            BEQ              setSin3
  143 0000011E D104            BNE              resetSin3
  144 00000120 F04F 0080 
                       setSin3 MOV              R0,#0x01<<7
  145 00000124 F7FF FFFE       BL               Set         ;set sin
  146 00000128 E003            B                saut3
  147 0000012A F04F 0080 
                       resetSin3
                               MOV              R0,#0x01<<7
  148 0000012E F7FF FFFE       BL               Reset       ;resetSin
  149 00000132 EA4F 0444 
                       saut3   LSL              R4,#1
  150 00000136 F04F 0020       MOV              R0,#0x01<<5
  151 0000013A F7FF FFFE       BL               Set         ;set sclk
  152 0000013E F106 0601       ADD              R6,#1
  153 00000142 2E0C            CMP              R6,#12
  154 00000144 D1E2            BNE              b23
  155 00000146 F102 0201       ADD              R2,#1
  156 0000014A 2A30            CMP              R2,#48
  157 0000014C D1D8            BNE              b13
  158 0000014E F04F 0020       MOV              R0,#0x01<<5
  159 00000152 F7FF FFFE       BL               Reset       ;reset sclk
  160 00000156 F04F 0A00       MOV              R10,#0
  161 0000015A F8A9 A000       STRH             R10,[R9]
  162 0000015E         
  163 0000015E E8BD 4FFF       POP              {R0-R11,LR}
  164 00000162 F85D CB04       POP              {R12}
  165 00000166 4770            BX               LR
  166 00000168                 ENDP
  167 00000168         



ARM Macro Assembler    Page 10 


  168 00000168         
  169 00000168         Set     PROC
  170 00000168 F84D AD04       PUSH             {R10}
  171 0000016C F8DF A054       LDR              R10,=GPIOBASEA+OffsetSet
  172 00000170 F8AA 0000       STRH             R0,[R10]
  173 00000174 F85D AB04       POP              {R10}
  174 00000178 4770            BX               LR
  175 0000017A                 ENDP
  176 0000017A         
  177 0000017A         Reset   PROC
  178 0000017A F84D AD04       PUSH             {R10}
  179 0000017E F8DF A048       LDR              R10,=GPIOBASEA+OffsetReset
  180 00000182 F8AA 0000       STRH             R0,[R10]
  181 00000186 F85D AB04       POP              {R10}
  182 0000018A 4770            BX               LR
  183 0000018C                 ENDP
  184 0000018C         
  185 0000018C         Tempo   PROC
  186 0000018C B406            PUSH             {R1,R2}
  187 0000018E F04F 010A       MOV              R1,#10
  188 00000192 FB00 F001       MUL              R0,R1
  189 00000196 F240 12F7 
                       btemp1  MOV              R2,#503
  190 0000019A BF00    btemp2  NOP
  191 0000019C BF00            NOP
  192 0000019E BF00            NOP
  193 000001A0 BF00            NOP
  194 000001A2 BF00            NOP
  195 000001A4 BF00            NOP
  196 000001A6 BF00            NOP
  197 000001A8 BF00            NOP
  198 000001AA BF00            NOP
  199 000001AC BF00            NOP
  200 000001AE 3A01            SUBS             R2,#1
  201 000001B0 D1F3            BNE              btemp2
  202 000001B2 3801            SUBS             R0,#1
  203 000001B4 D1EF            BNE              btemp1
  204 000001B6 BC06            POP              {R1,R2}
  205 000001B8 4770            BX               LR
  206 000001BA                 ENDP
  207 000001BA         
  208 000001BA         
  209 000001BA         ;#######################################################
                       #################
  210 000001BA         ; Procédure ????
  211 000001BA         ;#######################################################
                       #################
  212 000001BA         ;
  213 000001BA         ; Paramètre entrant  : ???
  214 000001BA         ; Paramètre sortant  : ???
  215 000001BA         ; Variables globales : ???
  216 000001BA         ; Registres modifiés : ???
  217 000001BA         ;-------------------------------------------------------
                       -----------------
  218 000001BA         
  219 000001BA         
  220 000001BA         
  221 000001BA         
  222 000001BA         



ARM Macro Assembler    Page 11 


  223 000001BA         
  224 000001BA         ;*******************************************************
                       *******************
  225 000001BA                 END
              00 00 00000000 
              00000000 
              40010810 
              40010814 
Command Line: --debug --xref --diag_suppress=9931 --cpu=Cortex-M3 --apcs=interw
ork --depend=.\objects\fonctionetape2.d -o.\objects\fonctionetape2.o -I.\RTE\De
vice\STM32F103RB -I.\RTE\_Simul_ -IC:\Users\ordinateur\AppData\Local\Arm\Packs\
ARM\CMSIS\5.6.0\CMSIS\Core\Include -IC:\Users\ordinateur\AppData\Local\Arm\Pack
s\Keil\STM32F1xx_DFP\2.3.0\Device\Include --predefine="__EVAL SETA 1" --predefi
ne="__MICROLIB SETA 1" --predefine="__UVISION_VERSION SETA 529" --predefine="_R
TE_ SETA 1" --predefine="STM32F10X_MD SETA 1" --predefine="STM32F10X_MD SETA 1"
 --list=.\listings\fonctionetape2.lst FonctionEtape2.asm
