


ARM Macro Assembler    Page 1 


    1 00000000         ;*******************************************************
                       ********************
    2 00000000                 THUMB
    3 00000000                 REQUIRE8
    4 00000000                 PRESERVE8
    5 00000000         
    6 00000000         ;*******************************************************
                       *******************
    7 00000000         ;  Fichier Vierge.asm
    8 00000000         ; Auteur : V.MAHOUT
    9 00000000         ; Date :  12/11/2013
   10 00000000         ;*******************************************************
                       *******************
   11 00000000         
   12 00000000         ;***************IMPORT/EXPORT***************************
                       *******************
   13 00000000                 EXPORT           Change_LED
   14 00000000                 EXPORT           Change_Secteur
   15 00000000                 EXPORT           Start_Timer4
   16 00000000                 EXPORT           Arret_Timer4
   17 00000000                 IMPORT           DataSend
   18 00000000                 IMPORT           Run_Timer4
   19 00000000                 IMPORT           Stop_Timer4
   20 00000000         ;*******************************************************
                       *******************
   21 00000000         
   22 00000000         
   23 00000000         
   24 00000000         ;***************CONSTANTES******************************
                       *******************
   25 00000000         
   26 00000000                 include          REG_UTILES.inc
    1 00000000         
    2 00000000         ;**************************************
    3 00000000         ;     Les adresess utiles  
    4 00000000         ;***************************************
    5 00000000         
    6 00000000         
    7 00000000         ;**************************************
    8 00000000         ;     Affectation des bits GPIO  
    9 00000000         ;***************************************
   10 00000000         ; GSLCK..... PA0 
   11 00000000         ; DSPRG..... PA1 
   12 00000000         ; BLANK..... PA2 
   13 00000000         ; XLAT...... PA3
   14 00000000         ; VPRG...... PA4
   15 00000000         ; SCLK...... PA5
   16 00000000         ; SIN1...... PA7
   17 00000000         ;Capteur.....PA8
   18 00000000         
   19 00000000         ;LED.........PB10
   20 00000000         ;****************************************/
   21 00000000         
   22 00000000         
   23 00000000         
   24 00000000 40010800 
                       GPIOBASEA
                               EQU              0X40010800
   25 00000000 40010C00 



ARM Macro Assembler    Page 2 


                       GPIOBASEB
                               EQU              0X40010C00
   26 00000000         
   27 00000000 00000008 
                       OffsetInput
                               EQU              0x08
   28 00000000 0000000C 
                       OffsetOutput
                               EQU              0x0C
   29 00000000 00000010 
                       OffsetSet
                               EQU              0x10
   30 00000000 00000014 
                       OffsetReset
                               EQU              0x14
   31 00000000         
   32 00000000         
   33 00000000 00000080 
                       MaskSerial_In1
                               equ              0x80
   34 00000000 00000080 
                       MaskSerial_Dots
                               equ              0x80
   35 00000000 00000010 
                       MaskVprg
                               equ              0x10
   36 00000000 00000008 
                       MaskXlat
                               equ              0x08
   37 00000000 00000004 
                       MaskBlank
                               equ              0x04
   38 00000000 00000020 
                       MaskSclk
                               equ              0x20
   39 00000000 00000002 
                       MaskDsprg
                               equ              0x02
   40 00000000 00000001 
                       MaskGsclk
                               equ              0x01
   41 00000000         
   42 00000000         
   43 00000000 E000ED08 
                       SCB_VTOR
                               EQU              0xE000ED08
   44 00000000 40012C10 
                       TIM1_SR EQU              0x40012c10
   45 00000000 40012C24 
                       TIM1_CNT
                               EQU              0x40012c24
   46 00000000 4000082C 
                       TIM4_ARR
                               EQU              0x4000082C
   47 00000000 40000810 
                       TIM4_SR EQU              0x40000810
   48 00000000         
   49 00000000         
   50 00000000         



ARM Macro Assembler    Page 3 


   51 00000000         
   52 00000000         
   53 00000000                 END
   27 00000000                 include          Lumiere.asm
    1 00000000         ;*******************************************************
                       ********************
    2 00000000                 THUMB
    3 00000000                 REQUIRE8
    4 00000000                 PRESERVE8
    5 00000000         
    6 00000000         ;*******************************************************
                       *******************
    7 00000000         ;  Fichier Vierge.asm
    8 00000000         ; Auteur : V.MAHOUT
    9 00000000         ; Date :  12/11/2013
   10 00000000         ;*******************************************************
                       *******************
   11 00000000         
   12 00000000         ;***************IMPORT/EXPORT***************************
                       *******************
   13 00000000         
   14 00000000         
   15 00000000         ;*******************************************************
                       *******************
   16 00000000         
   17 00000000         
   18 00000000         
   19 00000000         ;***************CONSTANTES******************************
                       *******************
   20 00000000         
   21 00000000 00000008 
                       Nbsecteurs
                               equ              8
   22 00000000 00000003 
                       PuissanceNbSecteur
                               equ              3
   23 00000000         ;*******************************************************
                       *******************
   24 00000000         
   25 00000000         
   26 00000000         ;***************VARIABLES*******************************
                       *******************
   27 00000000                 AREA             MesDonnees, data, readwrite
   28 00000000         ;*******************************************************
                       *******************
   29 00000000         
   30 00000000 00      numSecteur
                               DCB              0
   31 00000001 FF 00 00 
              FF 00 00 
              FF 00 00 
              FF 00 00 
              FF 00 00 
              FF 00 00 
              FF 00 00 
              FF 00 00 
              FF 00 00 
              FF 00 00 
              FF 00 00 



ARM Macro Assembler    Page 4 


              FF 00 00 
              FF 00 00 
              FF 00 00 
              FF 00 00 
              FF 00 00 mire    DCB              255,0,0, 255,0,0, 255,0,0, 255,
0,0, 255,0,0, 255,0,0, 255,0,0, 255,0,0, 255,0,0, 255,0,0, 255,0,0, 255,0,0, 25
5,0,0, 255,0,0, 255,0,0, 255,0,0
   32 00000031 00 FF 00 
              00 FF 00 
              00 FF 00 
              00 FF 00 
              00 FF 00 
              00 FF 00 
              00 FF 00 
              00 FF 00 
              00 FF 00 
              00 FF 00 
              00 FF 00 
              00 FF 00 
              00 FF 00 
              00 FF 00 
              00 FF 00 
              00 FF 00         DCB              0,255,0, 0,255,0, 0,255,0, 0,25
5,0, 0,255,0, 0,255,0, 0,255,0, 0,255,0, 0,255,0, 0,255,0, 0,255,0, 0,255,0, 0,
255,0, 0,255,0, 0,255,0, 0,255,0
   33 00000061 00 00 FF 
              00 00 FF 
              00 00 FF 
              00 00 FF 
              00 00 FF 
              00 00 FF 
              00 00 FF 
              00 00 FF 
              00 00 FF 
              00 00 FF 
              00 00 FF 
              00 00 FF 
              00 00 FF 
              00 00 FF 
              00 00 FF 
              00 00 FF         DCB              0,0,255, 0,0,255, 0,0,255, 0,0,
255, 0,0,255, 0,0,255, 0,0,255, 0,0,255, 0,0,255, 0,0,255, 0,0,255, 0,0,255, 0,
0,255, 0,0,255, 0,0,255, 0,0,255
   34 00000091 FF FF 00 
              FF FF 00 
              FF FF 00 
              FF FF 00 
              FF FF 00 
              FF FF 00 
              FF FF 00 
              FF FF 00 
              FF FF 00 
              FF FF 00 
              FF FF 00 
              FF FF 00 
              FF FF 00 
              FF FF 00 
              FF FF 00 
              FF FF 00         DCB              255,255,0, 255,255,0, 255,255,0



ARM Macro Assembler    Page 5 


, 255,255,0, 255,255,0, 255,255,0, 255,255,0, 255,255,0, 255,255,0, 255,255,0, 
255,255,0, 255,255,0, 255,255,0, 255,255,0, 255,255,0, 255,255,0
   35 000000C1 FF 00 FF 
              FF 00 FF 
              FF 00 FF 
              FF 00 FF 
              FF 00 FF 
              FF 00 FF 
              FF 00 FF 
              FF 00 FF 
              FF 00 FF 
              FF 00 FF 
              FF 00 FF 
              FF 00 FF 
              FF 00 FF 
              FF 00 FF 
              FF 00 FF 
              FF 00 FF         DCB              255,0,255, 255,0,255, 255,0,255
, 255,0,255, 255,0,255, 255,0,255, 255,0,255, 255,0,255, 255,0,255, 255,0,255, 
255,0,255, 255,0,255, 255,0,255, 255,0,255, 255,0,255, 255,0,255
   36 000000F1 00 FF FF 
              00 FF FF 
              00 FF FF 
              00 FF FF 
              00 FF FF 
              00 FF FF 
              00 FF FF 
              00 FF FF 
              00 FF FF 
              00 FF FF 
              00 FF FF 
              00 FF FF 
              00 FF FF 
              00 FF FF 
              00 FF FF 
              00 FF FF         DCB              0,255,255, 0,255,255, 0,255,255
, 0,255,255, 0,255,255, 0,255,255, 0,255,255, 0,255,255, 0,255,255, 0,255,255, 
0,255,255, 0,255,255, 0,255,255, 0,255,255, 0,255,255, 0,255,255
   37 00000121 FF FF FF 
              FF FF FF 
              FF FF FF 
              FF FF FF 
              FF FF FF 
              FF FF FF 
              FF FF FF 
              FF FF FF 
              FF FF FF 
              FF FF FF 
              FF FF FF 
              FF FF FF 
              FF FF FF 
              FF FF FF 
              FF FF FF 
              FF FF FF         DCB              255,255,255, 255,255,255, 255,2
55,255, 255,255,255, 255,255,255, 255,255,255, 255,255,255, 255,255,255, 255,25
5,255, 255,255,255, 255,255,255, 255,255,255, 255,255,255, 255,255,255, 255,255
,255, 255,255,255
   38 00000151 05 05 05 
              05 05 05 



ARM Macro Assembler    Page 6 


              05 05 05 
              05 05 05 
              05 05 05 
              05 05 05 
              05 05 05 
              05 05 05 
              05 05 05 
              05 05 05 
              05 05 05 
              05 05 05 
              05 05 05 
              05 05 05 
              05 05 05 
              05 05 05         DCB              5,5,5, 5,5,5, 5,5,5, 5,5,5, 5,5
,5, 5,5,5, 5,5,5, 5,5,5, 5,5,5, 5,5,5, 5,5,5, 5,5,5, 5,5,5, 5,5,5, 5,5,5, 5,5,5
   39 00000181         
   40 00000181         
   41 00000181         
   42 00000181         ;*******************************************************
                       *******************
   43 00000181         
   44 00000181         
   45 00000181         
   46 00000181         ;***************CODE************************************
                       *******************
   47 00000181                 AREA             moncode, code, readonly
   48 00000000         ;*******************************************************
                       *******************
   49 00000000         
   50 00000000         
   51 00000000         
   52 00000000         
   53 00000000         
   54 00000000         
   55 00000000         
   56 00000000         ;#######################################################
                       #################
   57 00000000         ; Procédure ????
   58 00000000         ;#######################################################
                       #################
   59 00000000         ;
   60 00000000         ; Paramètre entrant  : ???
   61 00000000         ; Paramètre sortant  : ???
   62 00000000         ; Variables globales : ???
   63 00000000         ; Registres modifiés : ???
   64 00000000         ;-------------------------------------------------------
                       -----------------
   65 00000000         
   66 00000000         
   67 00000000         
   68 00000000         
   69 00000000         
   70 00000000         
   71 00000000         ;*******************************************************
                       *******************
   72 00000000                 END
   28 00000000         
   29 00000000         
   30 00000000         ;*******************************************************



ARM Macro Assembler    Page 7 


                       *******************
   31 00000000         
   32 00000000         
   33 00000000         ;***************VARIABLES*******************************
                       *******************
   34 00000000                 AREA             MesDonnees, data, readwrite
   35 00000181         ;*******************************************************
                       *******************
   36 00000181         
   37 00000181 00      nbrCC   DCB              0
   38 00000182         
   39 00000182         ;*******************************************************
                       *******************
   40 00000182         
   41 00000182         
   42 00000182         
   43 00000182         ;***************CODE************************************
                       *******************
   44 00000182                 AREA             moncode, code, readonly
   45 00000000         ;*******************************************************
                       *******************
   46 00000000         
   47 00000000         
   48 00000000         Change_LED
                               PROC
   49 00000000 E92D 0428       PUSH             {R3,R5,R10}
   50 00000004 F8DF A194       LDR              R10,=GPIOBASEB+OffsetOutput ;R1
                                                            0 l'adresse du outp
                                                            ut
   51 00000008 F44F 6580       MOV              R5,#0x01<<10 ;1 au 10 eme bit d
                                                            e R5
   52 0000000C F8DA 3000       LDR              R3,[R10]
   53 00000010 EA83 0305       EOR              R3,R5
   54 00000014 F8AA 3000       STRH             R3,[R10]    ;1 au 10 eme bit du
                                                             output
   55 00000018 F8DF A184       LDR              R10,=TIM1_SR
   56 0000001C F04F 0502       MOV              R5,#0x01<<1
   57 00000020 F8DA 3000       LDR              R3,[R10]
   58 00000024 EA23 0305       BIC              R3,R5
   59 00000028 F8AA 3000       STRH             R3,[R10]
   60 0000002C E8BD 0428       POP              {R3,R5,R10}
   61 00000030 4770            BX               LR
   62 00000032                 ENDP
   63 00000032         
   64 00000032         Start_Timer4
                               PROC                         ;Timer1 CC
   65 00000032 E92D 4478       PUSH             {R3,R4,R5,R6,R10,LR}
   66 00000036 F8DF A16C       LDR              R10,=TIM1_CNT
   67 0000003A F8DA 4000       LDR              R4,[R10]
   68 0000003E F04F 0308       LDR              R3,=Nbsecteurs
   69 00000042 FBB4 F4F3       UDIV             R4,R4,R3
   70 00000046 F8DF A160       LDR              R10,=TIM4_ARR
   71 0000004A F8CA 4000       STR              R4,[R10]
   72 0000004E F8DF A154       LDR              R10,=TIM1_CNT
   73 00000052 F04F 0300       MOV              R3,#0
   74 00000056 F8CA 3000       STR              R3,[R10]
   75 0000005A F8DF A150       LDR              R10,=nbrCC
   76 0000005E F89A 3000       LDRB             R3,[R10]
   77 00000062 F103 0301       ADD              R3,#1



ARM Macro Assembler    Page 8 


   78 00000066 F88A 3000       STRB             R3,[R10]
   79 0000006A 2B03            CMP              R3,#3       ;si c'est le 3eme c
                                                            c depuis le dernier
                                                             up je lance timer 
                                                            4
   80 0000006C DB01            BLT              sautVit
   81 0000006E F7FF FFFE       BL               Run_Timer4
   82 00000072 F8DF A12C 
                       sautVit LDR              R10,=TIM1_SR
   83 00000076 F04F 0502       MOV              R5,#0x01<<1
   84 0000007A F8DA 3000       LDR              R3,[R10]
   85 0000007E EA23 0305       BIC              R3,R5
   86 00000082 F8AA 3000       STRH             R3,[R10]
   87 00000086 E8BD 4478       POP              {R3,R4,R5,R6,R10,LR}
   88 0000008A 4770            BX               LR
   89 0000008C                 ENDP
   90 0000008C         
   91 0000008C         Arret_Timer4
                               PROC                         ;timer_up 1
   92 0000008C E92D 4428       PUSH             {R3,R5,R10,LR}
   93 00000090 F7FF FFFE       BL               Stop_Timer4
   94 00000094 F8DF A108       LDR              R10,=TIM1_SR
   95 00000098 F04F 0501       MOV              R5,#1
   96 0000009C F8DA 3000       LDR              R3,[R10]
   97 000000A0 EA23 0305       BIC              R3,R5
   98 000000A4 F8AA 3000       STRH             R3,[R10]
   99 000000A8 E8BD 4428       POP              {R3,R5,R10,LR}
  100 000000AC 4770            BX               LR
  101 000000AE                 ENDP
  102 000000AE         
  103 000000AE         Change_Secteur
                               PROC                         ;timer 4 up
  104 000000AE E92D 4438       PUSH             {R3,R4,R5,R10,LR}
  105 000000B2 F8DF A0FC       LDR              R10,=numSecteur
  106 000000B6 4D3F            LDR              R5,=mire
  107 000000B8 F8DA 3000       LDR              R3,[R10]
  108 000000BC F003 0307       AND              R3,#7
  109 000000C0 F04F 0430       MOV              R4,#48
  110 000000C4 FB04 5503       MLA              R5,R4,R3,R5
  111 000000C8 B420            PUSH             {R5}
  112 000000CA F7FF FFFE       BL               DriverPile
  113 000000CE B001            ADD              SP,#4
  114 000000D0 F103 0301       ADD              R3,#1
  115 000000D4 F8CA 3000       STR              R3,[R10]
  116 000000D8 F8DF A0DC       LDR              R10,=TIM4_SR
  117 000000DC F04F 0501       MOV              R5,#1
  118 000000E0 F8DA 3000       LDR              R3,[R10]
  119 000000E4 EA23 0305       BIC              R3,R5
  120 000000E8 F8AA 3000       STRH             R3,[R10]
  121 000000EC E8BD 4438       POP              {R3,R4,R5,R10,LR}
  122 000000F0 4770            BX               LR
  123 000000F2                 ENDP
  124 000000F2         
  125 000000F2         DriverPile
                               PROC                         ;adresse de barrett
                                                            e en haut de la pil
                                                            e
  126 000000F2 F84D CD04       PUSH             {R12}
  127 000000F6 46EC            MOV              R12,SP      ;R12 l'adresse du h



ARM Macro Assembler    Page 9 


                                                            aut de la pile(en d
                                                            essous de l'argumen
                                                            t)
  128 000000F8 E92D 4FFF       PUSH             {R0-R11,LR}
  129 000000FC F8DC 3004       LDR              R3,[R12,#4] ;R3 l'adresse de ba
                                                            rrette
  130 00000100 F8DF 90B8       LDR              R9,=DataSend
  131 00000104 F04F 0020       MOV              R0,#0x01<<5
  132 00000108 F7FF FFFE       BL               Set
  133 0000010C         
  134 0000010C F04F 0200       MOV              R2,#0       ;R2 compteur nbLed 
                                                            
  135 00000110 F813 4B01 
                       b13     LDRB             R4,[R3],#1  ;R4 valeur courante
                                                            
  136 00000114 EA4F 6404       LSL              R4,#24
  137 00000118         
  138 00000118 F04F 0600       MOV              R6,#0       ;R6 compteur nbBit
  139 0000011C F04F 0020 
                       b23     MOV              R0,#0x01<<5
  140 00000120 F7FF FFFE       BL               Reset       ;reset sclk
  141 00000124 F004 4700       AND              R7,R4,#0x01<<31
  142 00000128 F1B7 4F00       CMP              R7,#0x01<<31
  143 0000012C D000            BEQ              setSin3
  144 0000012E D104            BNE              resetSin3
  145 00000130 F04F 0080 
                       setSin3 MOV              R0,#0x01<<7
  146 00000134 F7FF FFFE       BL               Set         ;set sin
  147 00000138 E003            B                saut3
  148 0000013A F04F 0080 
                       resetSin3
                               MOV              R0,#0x01<<7
  149 0000013E F7FF FFFE       BL               Reset       ;resetSin
  150 00000142 EA4F 0444 
                       saut3   LSL              R4,#1
  151 00000146 F04F 0020       MOV              R0,#0x01<<5
  152 0000014A F7FF FFFE       BL               Set         ;set sclk
  153 0000014E F106 0601       ADD              R6,#1
  154 00000152 2E0C            CMP              R6,#12
  155 00000154 D1E2            BNE              b23
  156 00000156 F102 0201       ADD              R2,#1
  157 0000015A 2A30            CMP              R2,#48
  158 0000015C D1D8            BNE              b13
  159 0000015E F04F 0020       MOV              R0,#0x01<<5
  160 00000162 F7FF FFFE       BL               Reset       ;reset sclk
  161 00000166 F04F 0A00       MOV              R10,#0
  162 0000016A F8A9 A000       STRH             R10,[R9]
  163 0000016E         
  164 0000016E E8BD 4FFF       POP              {R0-R11,LR}
  165 00000172 F85D CB04       POP              {R12}
  166 00000176 4770            BX               LR
  167 00000178                 ENDP
  168 00000178         
  169 00000178         
  170 00000178         Set     PROC
  171 00000178 F84D AD04       PUSH             {R10}
  172 0000017C F8DF A040       LDR              R10,=GPIOBASEA+OffsetSet
  173 00000180 F8AA 0000       STRH             R0,[R10]
  174 00000184 F85D AB04       POP              {R10}



ARM Macro Assembler    Page 10 


  175 00000188 4770            BX               LR
  176 0000018A                 ENDP
  177 0000018A         
  178 0000018A         Reset   PROC
  179 0000018A F84D AD04       PUSH             {R10}
  180 0000018E F8DF A034       LDR              R10,=GPIOBASEA+OffsetReset
  181 00000192 F8AA 0000       STRH             R0,[R10]
  182 00000196 F85D AB04       POP              {R10}
  183 0000019A 4770            BX               LR
  184 0000019C                 ENDP
  185 0000019C         
  186 0000019C         
  187 0000019C         ;#######################################################
                       #################
  188 0000019C         ; Procédure ????
  189 0000019C         ;#######################################################
                       #################
  190 0000019C         ;
  191 0000019C         ; Paramètre entrant  : ???
  192 0000019C         ; Paramètre sortant  : ???
  193 0000019C         ; Variables globales : ???
  194 0000019C         ; Registres modifiés : ???
  195 0000019C         ;-------------------------------------------------------
                       -----------------
  196 0000019C         
  197 0000019C         
  198 0000019C         
  199 0000019C         
  200 0000019C         
  201 0000019C         
  202 0000019C         ;*******************************************************
                       *******************
  203 0000019C                 END
              40010C0C 
              40012C10 
              40012C24 
              4000082C 
              00000000 
              00000000 
              00000000 
              40000810 
              00000000 
              40010810 
              40010814 
Command Line: --debug --xref --diag_suppress=9931 --cpu=Cortex-M3 --apcs=interw
ork --depend=.\objects\fonctionetape3.d -o.\objects\fonctionetape3.o -I.\RTE\De
vice\STM32F103RB -I.\RTE\_Simul_ -IC:\Users\ordinateur\AppData\Local\Arm\Packs\
ARM\CMSIS\5.6.0\CMSIS\Core\Include -IC:\Users\ordinateur\AppData\Local\Arm\Pack
s\Keil\STM32F1xx_DFP\2.3.0\Device\Include --predefine="__EVAL SETA 1" --predefi
ne="__MICROLIB SETA 1" --predefine="__UVISION_VERSION SETA 529" --predefine="_R
TE_ SETA 1" --predefine="STM32F10X_MD SETA 1" --predefine="STM32F10X_MD SETA 1"
 --list=.\listings\fonctionetape3.lst FonctionEtape3.asm



ARM Macro Assembler    Page 1 Alphabetic symbol ordering
Relocatable symbols

MesDonnees 00000000

Symbol: MesDonnees
   Definitions
      At line 27 in file Lumiere.asm
   Uses
      None
Comment: MesDonnees unused
mire 00000001

Symbol: mire
   Definitions
      At line 31 in file Lumiere.asm
   Uses
      At line 106 in file FonctionEtape3.asm
Comment: mire used once
nbrCC 00000181

Symbol: nbrCC
   Definitions
      At line 37 in file FonctionEtape3.asm
   Uses
      At line 75 in file FonctionEtape3.asm
Comment: nbrCC used once
numSecteur 00000000

Symbol: numSecteur
   Definitions
      At line 30 in file Lumiere.asm
   Uses
      At line 105 in file FonctionEtape3.asm
Comment: numSecteur used once
4 symbols



ARM Macro Assembler    Page 1 Alphabetic symbol ordering
Relocatable symbols

Arret_Timer4 0000008C

Symbol: Arret_Timer4
   Definitions
      At line 91 in file FonctionEtape3.asm
   Uses
      At line 16 in file FonctionEtape3.asm
Comment: Arret_Timer4 used once
Change_LED 00000000

Symbol: Change_LED
   Definitions
      At line 48 in file FonctionEtape3.asm
   Uses
      At line 13 in file FonctionEtape3.asm
Comment: Change_LED used once
Change_Secteur 000000AE

Symbol: Change_Secteur
   Definitions
      At line 103 in file FonctionEtape3.asm
   Uses
      At line 14 in file FonctionEtape3.asm
Comment: Change_Secteur used once
DriverPile 000000F2

Symbol: DriverPile
   Definitions
      At line 125 in file FonctionEtape3.asm
   Uses
      At line 112 in file FonctionEtape3.asm
Comment: DriverPile used once
Reset 0000018A

Symbol: Reset
   Definitions
      At line 178 in file FonctionEtape3.asm
   Uses
      At line 140 in file FonctionEtape3.asm
      At line 149 in file FonctionEtape3.asm
      At line 160 in file FonctionEtape3.asm

Set 00000178

Symbol: Set
   Definitions
      At line 170 in file FonctionEtape3.asm
   Uses
      At line 132 in file FonctionEtape3.asm
      At line 146 in file FonctionEtape3.asm
      At line 152 in file FonctionEtape3.asm

Start_Timer4 00000032

Symbol: Start_Timer4
   Definitions
      At line 64 in file FonctionEtape3.asm
   Uses
      At line 15 in file FonctionEtape3.asm



ARM Macro Assembler    Page 2 Alphabetic symbol ordering
Relocatable symbols

Comment: Start_Timer4 used once
b13 00000110

Symbol: b13
   Definitions
      At line 135 in file FonctionEtape3.asm
   Uses
      At line 158 in file FonctionEtape3.asm
Comment: b13 used once
b23 0000011C

Symbol: b23
   Definitions
      At line 139 in file FonctionEtape3.asm
   Uses
      At line 155 in file FonctionEtape3.asm
Comment: b23 used once
moncode 00000000

Symbol: moncode
   Definitions
      At line 47 in file Lumiere.asm
   Uses
      None
Comment: moncode unused
resetSin3 0000013A

Symbol: resetSin3
   Definitions
      At line 148 in file FonctionEtape3.asm
   Uses
      At line 144 in file FonctionEtape3.asm
Comment: resetSin3 used once
saut3 00000142

Symbol: saut3
   Definitions
      At line 150 in file FonctionEtape3.asm
   Uses
      At line 147 in file FonctionEtape3.asm
Comment: saut3 used once
sautVit 00000072

Symbol: sautVit
   Definitions
      At line 82 in file FonctionEtape3.asm
   Uses
      At line 80 in file FonctionEtape3.asm
Comment: sautVit used once
setSin3 00000130

Symbol: setSin3
   Definitions
      At line 145 in file FonctionEtape3.asm
   Uses
      At line 143 in file FonctionEtape3.asm
Comment: setSin3 used once
14 symbols



ARM Macro Assembler    Page 1 Alphabetic symbol ordering
Absolute symbols

GPIOBASEA 40010800

Symbol: GPIOBASEA
   Definitions
      At line 24 in file REG_UTILES.inc
   Uses
      At line 172 in file FonctionEtape3.asm
      At line 180 in file FonctionEtape3.asm

GPIOBASEB 40010C00

Symbol: GPIOBASEB
   Definitions
      At line 25 in file REG_UTILES.inc
   Uses
      At line 50 in file FonctionEtape3.asm
Comment: GPIOBASEB used once
MaskBlank 00000004

Symbol: MaskBlank
   Definitions
      At line 37 in file REG_UTILES.inc
   Uses
      None
Comment: MaskBlank unused
MaskDsprg 00000002

Symbol: MaskDsprg
   Definitions
      At line 39 in file REG_UTILES.inc
   Uses
      None
Comment: MaskDsprg unused
MaskGsclk 00000001

Symbol: MaskGsclk
   Definitions
      At line 40 in file REG_UTILES.inc
   Uses
      None
Comment: MaskGsclk unused
MaskSclk 00000020

Symbol: MaskSclk
   Definitions
      At line 38 in file REG_UTILES.inc
   Uses
      None
Comment: MaskSclk unused
MaskSerial_Dots 00000080

Symbol: MaskSerial_Dots
   Definitions
      At line 34 in file REG_UTILES.inc
   Uses
      None
Comment: MaskSerial_Dots unused
MaskSerial_In1 00000080




ARM Macro Assembler    Page 2 Alphabetic symbol ordering
Absolute symbols

Symbol: MaskSerial_In1
   Definitions
      At line 33 in file REG_UTILES.inc
   Uses
      None
Comment: MaskSerial_In1 unused
MaskVprg 00000010

Symbol: MaskVprg
   Definitions
      At line 35 in file REG_UTILES.inc
   Uses
      None
Comment: MaskVprg unused
MaskXlat 00000008

Symbol: MaskXlat
   Definitions
      At line 36 in file REG_UTILES.inc
   Uses
      None
Comment: MaskXlat unused
Nbsecteurs 00000008

Symbol: Nbsecteurs
   Definitions
      At line 21 in file Lumiere.asm
   Uses
      At line 68 in file FonctionEtape3.asm
Comment: Nbsecteurs used once
OffsetInput 00000008

Symbol: OffsetInput
   Definitions
      At line 27 in file REG_UTILES.inc
   Uses
      None
Comment: OffsetInput unused
OffsetOutput 0000000C

Symbol: OffsetOutput
   Definitions
      At line 28 in file REG_UTILES.inc
   Uses
      At line 50 in file FonctionEtape3.asm
Comment: OffsetOutput used once
OffsetReset 00000014

Symbol: OffsetReset
   Definitions
      At line 30 in file REG_UTILES.inc
   Uses
      At line 180 in file FonctionEtape3.asm
Comment: OffsetReset used once
OffsetSet 00000010

Symbol: OffsetSet
   Definitions
      At line 29 in file REG_UTILES.inc



ARM Macro Assembler    Page 3 Alphabetic symbol ordering
Absolute symbols

   Uses
      At line 172 in file FonctionEtape3.asm
Comment: OffsetSet used once
PuissanceNbSecteur 00000003

Symbol: PuissanceNbSecteur
   Definitions
      At line 22 in file Lumiere.asm
   Uses
      None
Comment: PuissanceNbSecteur unused
SCB_VTOR E000ED08

Symbol: SCB_VTOR
   Definitions
      At line 43 in file REG_UTILES.inc
   Uses
      None
Comment: SCB_VTOR unused
TIM1_CNT 40012C24

Symbol: TIM1_CNT
   Definitions
      At line 45 in file REG_UTILES.inc
   Uses
      At line 66 in file FonctionEtape3.asm
      At line 72 in file FonctionEtape3.asm

TIM1_SR 40012C10

Symbol: TIM1_SR
   Definitions
      At line 44 in file REG_UTILES.inc
   Uses
      At line 55 in file FonctionEtape3.asm
      At line 82 in file FonctionEtape3.asm
      At line 94 in file FonctionEtape3.asm

TIM4_ARR 4000082C

Symbol: TIM4_ARR
   Definitions
      At line 46 in file REG_UTILES.inc
   Uses
      At line 70 in file FonctionEtape3.asm
Comment: TIM4_ARR used once
TIM4_SR 40000810

Symbol: TIM4_SR
   Definitions
      At line 47 in file REG_UTILES.inc
   Uses
      At line 116 in file FonctionEtape3.asm
Comment: TIM4_SR used once
21 symbols



ARM Macro Assembler    Page 1 Alphabetic symbol ordering
External symbols

DataSend 00000000

Symbol: DataSend
   Definitions
      At line 17 in file FonctionEtape3.asm
   Uses
      At line 130 in file FonctionEtape3.asm
Comment: DataSend used once
Run_Timer4 00000000

Symbol: Run_Timer4
   Definitions
      At line 18 in file FonctionEtape3.asm
   Uses
      At line 81 in file FonctionEtape3.asm
Comment: Run_Timer4 used once
Stop_Timer4 00000000

Symbol: Stop_Timer4
   Definitions
      At line 19 in file FonctionEtape3.asm
   Uses
      At line 93 in file FonctionEtape3.asm
Comment: Stop_Timer4 used once
3 symbols
379 symbols in table
