


ARM Macro Assembler    Page 1 


    1 00000000         ;*******************************************************
                       ********************
    2 00000000                 THUMB
    3 00000000                 REQUIRE8
    4 00000000                 PRESERVE8
    5 00000000         
    6 00000000         ;*******************************************************
                       *******************
    7 00000000         ;  Fichier Vierge.asm
    8 00000000         ; Auteur : V.MAHOUT
    9 00000000         ; Date :  12/11/2013
   10 00000000         ;*******************************************************
                       *******************
   11 00000000         
   12 00000000         ;***************IMPORT/EXPORT***************************
                       *******************
   13 00000000         
   14 00000000         
   15 00000000         ;*******************************************************
                       *******************
   16 00000000         
   17 00000000         
   18 00000000         
   19 00000000         ;***************CONSTANTES******************************
                       *******************
   20 00000000         
   21 00000000 00000008 
                       Nbsecteurs
                               equ              8
   22 00000000 00000003 
                       PuissanceNbSecteur
                               equ              3
   23 00000000         ;*******************************************************
                       *******************
   24 00000000         
   25 00000000         
   26 00000000         ;***************VARIABLES*******************************
                       *******************
   27 00000000                 AREA             MesDonnees, data, readwrite
   28 00000000         ;*******************************************************
                       *******************
   29 00000000         
   30 00000000 00      numSecteur
                               DCB              0
   31 00000001 FF 00 00 
              FF 00 00 
              FF 00 00 
              FF 00 00 
              FF 00 00 
              FF 00 00 
              FF 00 00 
              FF 00 00 
              FF 00 00 
              FF 00 00 
              FF 00 00 
              FF 00 00 
              FF 00 00 
              FF 00 00 
              FF 00 00 



ARM Macro Assembler    Page 2 


              FF 00 00 mire    DCB              255,0,0, 255,0,0, 255,0,0, 255,
0,0, 255,0,0, 255,0,0, 255,0,0, 255,0,0, 255,0,0, 255,0,0, 255,0,0, 255,0,0, 25
5,0,0, 255,0,0, 255,0,0, 255,0,0
   32 00000031 00 FF 00 
              00 FF 00 
              00 FF 00 
              00 FF 00 
              00 FF 00 
              00 FF 00 
              00 FF 00 
              00 FF 00 
              00 FF 00 
              00 FF 00 
              00 FF 00 
              00 FF 00 
              00 FF 00 
              00 FF 00 
              00 FF 00 
              00 FF 00         DCB              0,255,0, 0,255,0, 0,255,0, 0,25
5,0, 0,255,0, 0,255,0, 0,255,0, 0,255,0, 0,255,0, 0,255,0, 0,255,0, 0,255,0, 0,
255,0, 0,255,0, 0,255,0, 0,255,0
   33 00000061 00 00 FF 
              00 00 FF 
              00 00 FF 
              00 00 FF 
              00 00 FF 
              00 00 FF 
              00 00 FF 
              00 00 FF 
              00 00 FF 
              00 00 FF 
              00 00 FF 
              00 00 FF 
              00 00 FF 
              00 00 FF 
              00 00 FF 
              00 00 FF         DCB              0,0,255, 0,0,255, 0,0,255, 0,0,
255, 0,0,255, 0,0,255, 0,0,255, 0,0,255, 0,0,255, 0,0,255, 0,0,255, 0,0,255, 0,
0,255, 0,0,255, 0,0,255, 0,0,255
   34 00000091 FF FF 00 
              FF FF 00 
              FF FF 00 
              FF FF 00 
              FF FF 00 
              FF FF 00 
              FF FF 00 
              FF FF 00 
              FF FF 00 
              FF FF 00 
              FF FF 00 
              FF FF 00 
              FF FF 00 
              FF FF 00 
              FF FF 00 
              FF FF 00         DCB              255,255,0, 255,255,0, 255,255,0
, 255,255,0, 255,255,0, 255,255,0, 255,255,0, 255,255,0, 255,255,0, 255,255,0, 
255,255,0, 255,255,0, 255,255,0, 255,255,0, 255,255,0, 255,255,0
   35 000000C1 FF 00 FF 
              FF 00 FF 



ARM Macro Assembler    Page 3 


              FF 00 FF 
              FF 00 FF 
              FF 00 FF 
              FF 00 FF 
              FF 00 FF 
              FF 00 FF 
              FF 00 FF 
              FF 00 FF 
              FF 00 FF 
              FF 00 FF 
              FF 00 FF 
              FF 00 FF 
              FF 00 FF 
              FF 00 FF         DCB              255,0,255, 255,0,255, 255,0,255
, 255,0,255, 255,0,255, 255,0,255, 255,0,255, 255,0,255, 255,0,255, 255,0,255, 
255,0,255, 255,0,255, 255,0,255, 255,0,255, 255,0,255, 255,0,255
   36 000000F1 00 FF FF 
              00 FF FF 
              00 FF FF 
              00 FF FF 
              00 FF FF 
              00 FF FF 
              00 FF FF 
              00 FF FF 
              00 FF FF 
              00 FF FF 
              00 FF FF 
              00 FF FF 
              00 FF FF 
              00 FF FF 
              00 FF FF 
              00 FF FF         DCB              0,255,255, 0,255,255, 0,255,255
, 0,255,255, 0,255,255, 0,255,255, 0,255,255, 0,255,255, 0,255,255, 0,255,255, 
0,255,255, 0,255,255, 0,255,255, 0,255,255, 0,255,255, 0,255,255
   37 00000121 FF FF FF 
              FF FF FF 
              FF FF FF 
              FF FF FF 
              FF FF FF 
              FF FF FF 
              FF FF FF 
              FF FF FF 
              FF FF FF 
              FF FF FF 
              FF FF FF 
              FF FF FF 
              FF FF FF 
              FF FF FF 
              FF FF FF 
              FF FF FF         DCB              255,255,255, 255,255,255, 255,2
55,255, 255,255,255, 255,255,255, 255,255,255, 255,255,255, 255,255,255, 255,25
5,255, 255,255,255, 255,255,255, 255,255,255, 255,255,255, 255,255,255, 255,255
,255, 255,255,255
   38 00000151 05 05 05 
              05 05 05 
              05 05 05 
              05 05 05 
              05 05 05 
              05 05 05 



ARM Macro Assembler    Page 4 


              05 05 05 
              05 05 05 
              05 05 05 
              05 05 05 
              05 05 05 
              05 05 05 
              05 05 05 
              05 05 05 
              05 05 05 
              05 05 05         DCB              5,5,5, 5,5,5, 5,5,5, 5,5,5, 5,5
,5, 5,5,5, 5,5,5, 5,5,5, 5,5,5, 5,5,5, 5,5,5, 5,5,5, 5,5,5, 5,5,5, 5,5,5, 5,5,5
   39 00000181         
   40 00000181         
   41 00000181         
   42 00000181         ;*******************************************************
                       *******************
   43 00000181         
   44 00000181         
   45 00000181         
   46 00000181         ;***************CODE************************************
                       *******************
   47 00000181                 AREA             moncode, code, readonly
   48 00000000         ;*******************************************************
                       *******************
   49 00000000         
   50 00000000         
   51 00000000         
   52 00000000         
   53 00000000         
   54 00000000         
   55 00000000         
   56 00000000         ;#######################################################
                       #################
   57 00000000         ; Procédure ????
   58 00000000         ;#######################################################
                       #################
   59 00000000         ;
   60 00000000         ; Paramètre entrant  : ???
   61 00000000         ; Paramètre sortant  : ???
   62 00000000         ; Variables globales : ???
   63 00000000         ; Registres modifiés : ???
   64 00000000         ;-------------------------------------------------------
                       -----------------
   65 00000000         
   66 00000000         
   67 00000000         
   68 00000000         
   69 00000000         
   70 00000000         
   71 00000000         ;*******************************************************
                       *******************
   72 00000000                 END
Command Line: --debug --xref --diag_suppress=9931 --cpu=Cortex-M3 --apcs=interw
ork --depend=.\objects\lumiere.d -o.\objects\lumiere.o -I.\RTE\Device\STM32F103
RB -I.\RTE\_Simul_ -IC:\Users\ordinateur\AppData\Local\Arm\Packs\ARM\CMSIS\5.6.
0\CMSIS\Core\Include -IC:\Users\ordinateur\AppData\Local\Arm\Packs\Keil\STM32F1
xx_DFP\2.3.0\Device\Include --predefine="__EVAL SETA 1" --predefine="__MICROLIB
 SETA 1" --predefine="__UVISION_VERSION SETA 529" --predefine="_RTE_ SETA 1" --
predefine="STM32F10X_MD SETA 1" --predefine="STM32F10X_MD SETA 1" --list=.\list



ARM Macro Assembler    Page 5 


ings\lumiere.lst Lumiere.asm



ARM Macro Assembler    Page 1 Alphabetic symbol ordering
Relocatable symbols

MesDonnees 00000000

Symbol: MesDonnees
   Definitions
      At line 27 in file Lumiere.asm
   Uses
      None
Comment: MesDonnees unused
mire 00000001

Symbol: mire
   Definitions
      At line 31 in file Lumiere.asm
   Uses
      None
Comment: mire unused
numSecteur 00000000

Symbol: numSecteur
   Definitions
      At line 30 in file Lumiere.asm
   Uses
      None
Comment: numSecteur unused
3 symbols



ARM Macro Assembler    Page 1 Alphabetic symbol ordering
Relocatable symbols

moncode 00000000

Symbol: moncode
   Definitions
      At line 47 in file Lumiere.asm
   Uses
      None
Comment: moncode unused
1 symbol



ARM Macro Assembler    Page 1 Alphabetic symbol ordering
Absolute symbols

Nbsecteurs 00000008

Symbol: Nbsecteurs
   Definitions
      At line 21 in file Lumiere.asm
   Uses
      None
Comment: Nbsecteurs unused
PuissanceNbSecteur 00000003

Symbol: PuissanceNbSecteur
   Definitions
      At line 22 in file Lumiere.asm
   Uses
      None
Comment: PuissanceNbSecteur unused
2 symbols
341 symbols in table
