


ARM Macro Assembler    Page 1 


    1 00000000         
    2 00000000         
    3 00000000         ;*******************************************************
                       *****************
    4 00000000                 THUMB
    5 00000000                 REQUIRE8
    6 00000000                 PRESERVE8
    7 00000000         ;*******************************************************
                       *****************
    8 00000000         
    9 00000000                 include          REG_UTILES.inc
    1 00000000         
    2 00000000         ;**************************************
    3 00000000         ;     Les adresess utiles  
    4 00000000         ;***************************************
    5 00000000         
    6 00000000         
    7 00000000         ;**************************************
    8 00000000         ;     Affectation des bits GPIO  
    9 00000000         ;***************************************
   10 00000000         ; GSLCK..... PA0 
   11 00000000         ; DSPRG..... PA1 
   12 00000000         ; BLANK..... PA2 
   13 00000000         ; XLAT...... PA3
   14 00000000         ; VPRG...... PA4
   15 00000000         ; SCLK...... PA5
   16 00000000         ; SIN1...... PA7
   17 00000000         ;Capteur.....PA8
   18 00000000         
   19 00000000         ;LED.........PB10
   20 00000000         ;****************************************/
   21 00000000         
   22 00000000         
   23 00000000         
   24 00000000 40010800 
                       GPIOBASEA
                               EQU              0X40010800
   25 00000000 40010C00 
                       GPIOBASEB
                               EQU              0X40010C00
   26 00000000         
   27 00000000 00000008 
                       OffsetInput
                               EQU              0x08
   28 00000000 0000000C 
                       OffsetOutput
                               EQU              0x0C
   29 00000000 00000010 
                       OffsetSet
                               EQU              0x10
   30 00000000 00000014 
                       OffsetReset
                               EQU              0x14
   31 00000000         
   32 00000000         
   33 00000000 00000080 
                       MaskSerial_In1
                               equ              0x80
   34 00000000 00000080 



ARM Macro Assembler    Page 2 


                       MaskSerial_Dots
                               equ              0x80
   35 00000000 00000010 
                       MaskVprg
                               equ              0x10
   36 00000000 00000008 
                       MaskXlat
                               equ              0x08
   37 00000000 00000004 
                       MaskBlank
                               equ              0x04
   38 00000000 00000020 
                       MaskSclk
                               equ              0x20
   39 00000000 00000002 
                       MaskDsprg
                               equ              0x02
   40 00000000 00000001 
                       MaskGsclk
                               equ              0x01
   41 00000000         
   42 00000000         
   43 00000000 E000ED08 
                       SCB_VTOR
                               EQU              0xE000ED08
   44 00000000 40012C10 
                       TIM1_SR EQU              0x40012c10
   45 00000000 40012C24 
                       TIM1_CNT
                               EQU              0x40012c24
   46 00000000 4000082C 
                       TIM4_ARR
                               EQU              0x4000082C
   47 00000000 40000810 
                       TIM4_SR EQU              0x40000810
   48 00000000         
   49 00000000         
   50 00000000         
   51 00000000         
   52 00000000         
   53 00000000                 END
   10 00000000                 include          Lumiere.asm
    1 00000000         ;*******************************************************
                       ********************
    2 00000000                 THUMB
    3 00000000                 REQUIRE8
    4 00000000                 PRESERVE8
    5 00000000         
    6 00000000         ;*******************************************************
                       *******************
    7 00000000         ;  Fichier Vierge.asm
    8 00000000         ; Auteur : V.MAHOUT
    9 00000000         ; Date :  12/11/2013
   10 00000000         ;*******************************************************
                       *******************
   11 00000000         
   12 00000000         ;***************IMPORT/EXPORT***************************
                       *******************
   13 00000000         



ARM Macro Assembler    Page 3 


   14 00000000         
   15 00000000         ;*******************************************************
                       *******************
   16 00000000         
   17 00000000         
   18 00000000         
   19 00000000         ;***************CONSTANTES******************************
                       *******************
   20 00000000         
   21 00000000 00000008 
                       Nbsecteurs
                               equ              8
   22 00000000 00000003 
                       PuissanceNbSecteur
                               equ              3
   23 00000000         ;*******************************************************
                       *******************
   24 00000000         
   25 00000000         
   26 00000000         ;***************VARIABLES*******************************
                       *******************
   27 00000000                 AREA             MesDonnees, data, readwrite
   28 00000000         ;*******************************************************
                       *******************
   29 00000000         
   30 00000000 00      numSecteur
                               DCB              0
   31 00000001 FF 00 00 
              FF 00 00 
              FF 00 00 
              FF 00 00 
              FF 00 00 
              FF 00 00 
              FF 00 00 
              FF 00 00 
              FF 00 00 
              FF 00 00 
              FF 00 00 
              FF 00 00 
              FF 00 00 
              FF 00 00 
              FF 00 00 
              FF 00 00 mire    DCB              255,0,0, 255,0,0, 255,0,0, 255,
0,0, 255,0,0, 255,0,0, 255,0,0, 255,0,0, 255,0,0, 255,0,0, 255,0,0, 255,0,0, 25
5,0,0, 255,0,0, 255,0,0, 255,0,0
   32 00000031 00 FF 00 
              00 FF 00 
              00 FF 00 
              00 FF 00 
              00 FF 00 
              00 FF 00 
              00 FF 00 
              00 FF 00 
              00 FF 00 
              00 FF 00 
              00 FF 00 
              00 FF 00 
              00 FF 00 
              00 FF 00 



ARM Macro Assembler    Page 4 


              00 FF 00 
              00 FF 00         DCB              0,255,0, 0,255,0, 0,255,0, 0,25
5,0, 0,255,0, 0,255,0, 0,255,0, 0,255,0, 0,255,0, 0,255,0, 0,255,0, 0,255,0, 0,
255,0, 0,255,0, 0,255,0, 0,255,0
   33 00000061 00 00 FF 
              00 00 FF 
              00 00 FF 
              00 00 FF 
              00 00 FF 
              00 00 FF 
              00 00 FF 
              00 00 FF 
              00 00 FF 
              00 00 FF 
              00 00 FF 
              00 00 FF 
              00 00 FF 
              00 00 FF 
              00 00 FF 
              00 00 FF         DCB              0,0,255, 0,0,255, 0,0,255, 0,0,
255, 0,0,255, 0,0,255, 0,0,255, 0,0,255, 0,0,255, 0,0,255, 0,0,255, 0,0,255, 0,
0,255, 0,0,255, 0,0,255, 0,0,255
   34 00000091 FF FF 00 
              FF FF 00 
              FF FF 00 
              FF FF 00 
              FF FF 00 
              FF FF 00 
              FF FF 00 
              FF FF 00 
              FF FF 00 
              FF FF 00 
              FF FF 00 
              FF FF 00 
              FF FF 00 
              FF FF 00 
              FF FF 00 
              FF FF 00         DCB              255,255,0, 255,255,0, 255,255,0
, 255,255,0, 255,255,0, 255,255,0, 255,255,0, 255,255,0, 255,255,0, 255,255,0, 
255,255,0, 255,255,0, 255,255,0, 255,255,0, 255,255,0, 255,255,0
   35 000000C1 FF 00 FF 
              FF 00 FF 
              FF 00 FF 
              FF 00 FF 
              FF 00 FF 
              FF 00 FF 
              FF 00 FF 
              FF 00 FF 
              FF 00 FF 
              FF 00 FF 
              FF 00 FF 
              FF 00 FF 
              FF 00 FF 
              FF 00 FF 
              FF 00 FF 
              FF 00 FF         DCB              255,0,255, 255,0,255, 255,0,255
, 255,0,255, 255,0,255, 255,0,255, 255,0,255, 255,0,255, 255,0,255, 255,0,255, 
255,0,255, 255,0,255, 255,0,255, 255,0,255, 255,0,255, 255,0,255
   36 000000F1 00 FF FF 



ARM Macro Assembler    Page 5 


              00 FF FF 
              00 FF FF 
              00 FF FF 
              00 FF FF 
              00 FF FF 
              00 FF FF 
              00 FF FF 
              00 FF FF 
              00 FF FF 
              00 FF FF 
              00 FF FF 
              00 FF FF 
              00 FF FF 
              00 FF FF 
              00 FF FF         DCB              0,255,255, 0,255,255, 0,255,255
, 0,255,255, 0,255,255, 0,255,255, 0,255,255, 0,255,255, 0,255,255, 0,255,255, 
0,255,255, 0,255,255, 0,255,255, 0,255,255, 0,255,255, 0,255,255
   37 00000121 FF FF FF 
              FF FF FF 
              FF FF FF 
              FF FF FF 
              FF FF FF 
              FF FF FF 
              FF FF FF 
              FF FF FF 
              FF FF FF 
              FF FF FF 
              FF FF FF 
              FF FF FF 
              FF FF FF 
              FF FF FF 
              FF FF FF 
              FF FF FF         DCB              255,255,255, 255,255,255, 255,2
55,255, 255,255,255, 255,255,255, 255,255,255, 255,255,255, 255,255,255, 255,25
5,255, 255,255,255, 255,255,255, 255,255,255, 255,255,255, 255,255,255, 255,255
,255, 255,255,255
   38 00000151 05 05 05 
              05 05 05 
              05 05 05 
              05 05 05 
              05 05 05 
              05 05 05 
              05 05 05 
              05 05 05 
              05 05 05 
              05 05 05 
              05 05 05 
              05 05 05 
              05 05 05 
              05 05 05 
              05 05 05 
              05 05 05         DCB              5,5,5, 5,5,5, 5,5,5, 5,5,5, 5,5
,5, 5,5,5, 5,5,5, 5,5,5, 5,5,5, 5,5,5, 5,5,5, 5,5,5, 5,5,5, 5,5,5, 5,5,5, 5,5,5
   39 00000181         
   40 00000181         
   41 00000181         
   42 00000181         ;*******************************************************
                       *******************
   43 00000181         



ARM Macro Assembler    Page 6 


   44 00000181         
   45 00000181         
   46 00000181         ;***************CODE************************************
                       *******************
   47 00000181                 AREA             moncode, code, readonly
   48 00000000         ;*******************************************************
                       *******************
   49 00000000         
   50 00000000         
   51 00000000         
   52 00000000         
   53 00000000         
   54 00000000         
   55 00000000         
   56 00000000         ;#######################################################
                       #################
   57 00000000         ; Procédure ????
   58 00000000         ;#######################################################
                       #################
   59 00000000         ;
   60 00000000         ; Paramètre entrant  : ???
   61 00000000         ; Paramètre sortant  : ???
   62 00000000         ; Variables globales : ???
   63 00000000         ; Registres modifiés : ???
   64 00000000         ;-------------------------------------------------------
                       -----------------
   65 00000000         
   66 00000000         
   67 00000000         
   68 00000000         
   69 00000000         
   70 00000000         
   71 00000000         ;*******************************************************
                       *******************
   72 00000000                 END
   11 00000000         
   12 00000000         
   13 00000000         ;*******************************************************
                       *****************
   14 00000000         ;      IMPORT/EXPORT Système
   15 00000000         ;*******************************************************
                       *****************
   16 00000000         
   17 00000000                 IMPORT           ||Lib$$Request$$armlib|| [CODE,
WEAK]
   18 00000000         
   19 00000000         
   20 00000000         
   21 00000000         
   22 00000000         ; IMPORT/EXPORT de procédure           
   23 00000000         
   24 00000000                 IMPORT           Init_Cible
   25 00000000                 IMPORT           Run_Timer1
   26 00000000                 IMPORT           Start_Timer4
   27 00000000                 IMPORT           Arret_Timer4
   28 00000000                 IMPORT           Change_Secteur
   29 00000000                 EXPORT           main
   30 00000000         
   31 00000000         ;*******************************************************



ARM Macro Assembler    Page 7 


                       ************************
   32 00000000         
   33 00000000         
   34 00000000         ;*******************************************************
                       ************************
   35 00000000                 AREA             mesdonnees, data, align=9, read
write
   36 00000000         
   37 00000000 00 00 00 
              00 00 00 
              00 00 00 
              00 00 00 
              00 00 00 
              00 00 00 
              00 00 00 
              00 00 00 
              00 00 00 
              00 00 00 
              00 00 00 
              00 00 00 
              00 00 00 
              00 00 00 
              00 00 00 
              00 00 00 
              00 00 00 
              00 00 00 
              00 00 00 
              00 00 00 
              00 00 00 
              00 00 00 
              00 00 00 
              00 00 00 
              00 00 00 
              00 00 00 
              00 00 00 
              00 00 00 
              00 00 00 
              00 00 00 
              00 00 00 
              00 00 00 
              00 00 00 
              00 00 00 
              00 00 00 
              00 00 00 
              00 00 00 
              00 00 00 
              00 00 00 
              00 00 00 
              00 00 00 
              00 00 00 
              00 00 00 
              00 00 00 
              00 00 00 
              00 00 00 
              00 00 00 
              00 00 00 
              00 00 00 
              00 00 00 
              00 00 00 



ARM Macro Assembler    Page 8 


              00 00 00 
              00 00 00 
              00 00 00 
              00 00 00 
              00 00 00 
              00 00 00 
              00 00 00 
              00 00 00 
              00 00 00 
              00 00 00 
              00 00 00 
              00 00 00 
              00 00 00 
              00 00 00 
              00 00 00 
              00 00 00 
              00 00 00 
              00 00 00 
              00 00 00 
              00 00 00 
              00 00 00 
              00 00 00 
              00 00 00 
              00 00 00 
              00 00 00 
              00 00 00 
              00 00 00 
              00 00 00 
              00 00 00 
              00 00 00 
              00 00 00 
              00 00 00 
              00 00 00 
              00 00 00 
              00 00 00 
              00 00 00 
              00 00 00 
              00 00 00 
              00 00 00 
              00 00 00 
              00 00 00 
              00 00 00 
              00 00 00 
              00 00 00 
              00 00 00 
              00 00 00 
              00 00 00 
              00 00 00 
              00 00 00 
              00 00 00 
              00 00 00 
              00 00 00 
              00 00 00 
              00 00 00 
              00 00 00 
              00 00 00 
              00 00 00 
              00 00 00 
              00 00 00 



ARM Macro Assembler    Page 9 


              00 00 00 
              00 00 00 
              00 00 00 
              00 00 00 
              00 00 00 
              00 00 00 
              00 00 00 
              00 00 00 
              00 00 00 
              00 00 00 
              00 00 00 
              00 00 00 
              00 00 00 
              00 00 00 
              00 00 00 
              00 00 00 
              00 00 00 
              00 00 00 
              00 00 00 
              00 00 00 
              00 00 00 
              00 00 00 
              00 00 00 
              00 00 00 
              00 00 00 
              00 00 00 
              00 00 00 
              00 00 00 
              00 00 00 
              00 00 00 
              00 00 00 
              00 00 00 
              00 00 00 
              00 00 00 
              00 00 00 
              00 00 00 
              00 00 00 
              00 00 00 
              00 00 00 
              00 00 00 
              00 00 00 
              00 00 00 
              00 00 00 
              00 00 00 
              00 00 00 
              00 00 00 
              00 00 00 
              00 00 00 
              00 00 00 
              00 00 00 
              00 00 00 
              00 00 00 
              00 00 00 
              00 00 00 
              00 00 00 
              00 00 00 
              00 00 00 
              00 00 00 
              00 00 00 



ARM Macro Assembler    Page 10 


              00 00 00 
              00 00 00 
              00 00 00 
              00 00 00 
              00 00 00 
              00 00 00 
              00 00 00 
              00 00 00 
              00 00 00 
              00 00 00 
              00 00 00 
              00 00 00 
              00 00 00 
              00 00 00 
              00 00 00 
              00 00 00 
              00 00 00 
              00 00 00 
              00 00 00 
              00 00 00 
              00 00 00 
              00 00 00 
              00 00 00 
              00 00 00 
              00 00 00 
              00 00 00 
              00 00 00 
              00 00 00 
              00 00 00 
              00 00 00 
              00 00 00 
              00 00 00 
              00 00 00 
              00 00 00 
              00 00 00 
              00 00 00 
              00 00 00 
              00 00 00 
              00 00 00 
              00 00 00 
              00 00 00 
              00 00 00 
              00 00 00 
              00 00 00 
              00 00 00 
              00 00 00 
              00 00 00 
              00 00 00 
              00 00 00 
              00 00 00 
              00 00 00 
              00 00 00 
              00 00 00 
              00 00 00 
              00 00 00 
              00 00 00 
              00 00 00 
              00 00 00 
              00 00 00 



ARM Macro Assembler    Page 11 


              00 00 00 
              00 00 00 
              00 00 00 
              00 00 00 
              00 00 00 
              00 00 00 
              00 00 00 
              00 00 00 
              00 00 00 
              00 00 00 
              00 00 00 
              00 00 00 
              00 00 00 
              00 00 00 
              00 00 00 
              00 00 00 
              00 00 00 
              00 00 00 
              00 00 00 
              00 00 00 
              00 00 00 
              00 00 00 
              00 00 00 
              00 00 00 
              00 00 00 
              00 00 00 
              00 00 00 
              00 00 00 
              00 00 00 
              00 00 00 
              00 00 00 
              00 00 00 
              00 00 00 
              00 00 00 
              00 00 00 
              00 00 00 
              00 00 00 
              00 00 00 
              00 00 00 
              00 00 00 
              00 00 00 
              00 00 00 
              00 00 00 
              00 00 00 
              00 00 00 
              00 00 00 
              00 00 00 
              00 00 00 
              00 00 00 
              00 00 00 
              00 00 00 
              00 00 00 
              00 00 00 
              00 00 00 
              00 00 00 
              00 00 00 
              00 00 00 
              00 00 00 
              00 00 00 



ARM Macro Assembler    Page 12 


              00 00 00 
              00 00 00 
              00 00 00 
              00 00 00 
              00 00 00 
              00 00 00 
              00 00 00 
              00 00 00 
              00 00 00 
              00 00 00 
              00 00 00 
              00 00 00 
              00 00 00 
              00 00 00 
              00 00 00 
              00 00 00 
              00 00 00 
              00 00 00 
              00 00 00 
              00 00 00 
              00 00 00 
              00 00 00 
              00 00 00 
              00 00 00 
              00 00 00 
              00 00 00 
              00 00 00 
              00 00 00 
              00 00 00 
              00 00 00 
              00 00 00 
              00 00 00 
              00 00 00 
              00 00 00 
              00 00 00 
              00 00 00 
              00 00 00 
              00 00 00 
              00 00 00 
              00 00 00 
              00 00 00 
              00 00 00 
              00 00 00 
              00 00 00 
              00 00 00 
              00 00 00 
              00 00 00 
              00 00 00 
              00 00 00 
              00 00 00 
              00 00 00 
              00 00 00 
              00 00 00 
              00 00 00 
              00       NouvTVI space            1024
   38 00000400         
   39 00000400         
   40 00000400         
   41 00000400         



ARM Macro Assembler    Page 13 


   42 00000400         ;*******************************************************
                       ************************
   43 00000400         
   44 00000400                 AREA             moncode, code, readonly
   45 00000000         
   46 00000000         
   47 00000000         
   48 00000000         ;*******************************************************
                       ************************
   49 00000000         ; Procédure principale et point d'entrée du projet
   50 00000000         ;*******************************************************
                       ************************
   51 00000000         main    PROC
   52 00000000         ;*******************************************************
                       ************************
   53 00000000         
   54 00000000         
   55 00000000 F04F 0002       MOV              R0,#2
   56 00000004 F7FF FFFE       BL               Init_Cible
   57 00000008         
   58 00000008 480D            LDR              R0,=NouvTVI
   59 0000000A F04F 0100       MOV              R1,#0       ;l'adresse de l'anc
                                                            ienne TVI est 0
   60 0000000E F44F 7380       MOV              R3,#256     ;on copiera 256*4 o
                                                            ctets
   61 00000012 F851 2B04 
                       bTVI    LDR              R2,[R1],#4  ;on lit l'ancienne 
                                                            TVI
   62 00000016 F840 2B04       STR              R2,[R0],#4  ;on recopie dans la
                                                             nouvelle 
   63 0000001A 3B01            SUBS             R3,#1
   64 0000001C D1F9            BNE              bTVI
   65 0000001E         
   66 0000001E 4808            LDR              R0,=NouvTVI
   67 00000020 4A08            LDR              R2,=SCB_VTOR
   68 00000022 6010            STR              R0,[R2]     ;on change l'adress
                                                            e de la TVI 
   69 00000024 4808            LDR              R0,=NouvTVI+100+64 ;l'interrupt
                                                            ion Timer1_CC est l
                                                            a 25 interruption (
                                                            16*4+25*4)
   70 00000026 4909            LDR              R1,=Arret_Timer4
   71 00000028 6001            STR              R1,[R0]
   72 0000002A F100 0008       ADD              R0,#8       ;l'interruption Tim
                                                            er1_up est la 27 em
                                                            e donc 8 octets plu
                                                            s loin
   73 0000002E 4908            LDR              R1,=Start_Timer4
   74 00000030 6001            STR              R1,[R0]
   75 00000032 F100 000C       ADD              R0,#12      ;l'interrutpion Tim
                                                            er4_up est la 30 em
                                                            e donc 12 octets pl
                                                            us loin
   76 00000036 4907            LDR              R1,=Change_Secteur
   77 00000038 6001            STR              R1,[R0]
   78 0000003A         
   79 0000003A         
   80 0000003A F7FF FFFE       BL               Run_Timer1
   81 0000003E         



ARM Macro Assembler    Page 14 


   82 0000003E         
   83 0000003E         
   84 0000003E E7FE    sortie  B                sortie
   85 00000040         
   86 00000040         
   87 00000040         
   88 00000040         
   89 00000040                 ENDP
   90 00000040         
   91 00000040                 END
              00000000 
              E000ED08 
              000000A4 
              00000000 
              00000000 
              00000000 
Command Line: --debug --xref --diag_suppress=9931 --cpu=Cortex-M3 --apcs=interw
ork --depend=.\objects\principale.d -o.\objects\principale.o -I.\RTE\Device\STM
32F103RB -I.\RTE\_Simul_ -IC:\Users\ordinateur\AppData\Local\Arm\Packs\ARM\CMSI
S\5.6.0\CMSIS\Core\Include -IC:\Users\ordinateur\AppData\Local\Arm\Packs\Keil\S
TM32F1xx_DFP\2.3.0\Device\Include --predefine="__EVAL SETA 1" --predefine="__MI
CROLIB SETA 1" --predefine="__UVISION_VERSION SETA 529" --predefine="_RTE_ SETA
 1" --predefine="STM32F10X_MD SETA 1" --predefine="STM32F10X_MD SETA 1" --list=
.\listings\principale.lst Principale.asm



ARM Macro Assembler    Page 1 Alphabetic symbol ordering
Relocatable symbols

MesDonnees 00000000

Symbol: MesDonnees
   Definitions
      At line 27 in file Lumiere.asm
   Uses
      None
Comment: MesDonnees unused
mire 00000001

Symbol: mire
   Definitions
      At line 31 in file Lumiere.asm
   Uses
      None
Comment: mire unused
numSecteur 00000000

Symbol: numSecteur
   Definitions
      At line 30 in file Lumiere.asm
   Uses
      None
Comment: numSecteur unused
3 symbols



ARM Macro Assembler    Page 1 Alphabetic symbol ordering
Relocatable symbols

bTVI 00000012

Symbol: bTVI
   Definitions
      At line 61 in file Principale.asm
   Uses
      At line 64 in file Principale.asm
Comment: bTVI used once
main 00000000

Symbol: main
   Definitions
      At line 51 in file Principale.asm
   Uses
      At line 29 in file Principale.asm
Comment: main used once
moncode 00000000

Symbol: moncode
   Definitions
      At line 47 in file Lumiere.asm
   Uses
      None
Comment: moncode unused
sortie 0000003E

Symbol: sortie
   Definitions
      At line 84 in file Principale.asm
   Uses
      At line 84 in file Principale.asm
Comment: sortie used once
4 symbols



ARM Macro Assembler    Page 1 Alphabetic symbol ordering
Relocatable symbols

NouvTVI 00000000

Symbol: NouvTVI
   Definitions
      At line 37 in file Principale.asm
   Uses
      At line 58 in file Principale.asm
      At line 66 in file Principale.asm
      At line 69 in file Principale.asm

mesdonnees 00000000

Symbol: mesdonnees
   Definitions
      At line 35 in file Principale.asm
   Uses
      None
Comment: mesdonnees unused
2 symbols



ARM Macro Assembler    Page 1 Alphabetic symbol ordering
Absolute symbols

GPIOBASEA 40010800

Symbol: GPIOBASEA
   Definitions
      At line 24 in file REG_UTILES.inc
   Uses
      None
Comment: GPIOBASEA unused
GPIOBASEB 40010C00

Symbol: GPIOBASEB
   Definitions
      At line 25 in file REG_UTILES.inc
   Uses
      None
Comment: GPIOBASEB unused
MaskBlank 00000004

Symbol: MaskBlank
   Definitions
      At line 37 in file REG_UTILES.inc
   Uses
      None
Comment: MaskBlank unused
MaskDsprg 00000002

Symbol: MaskDsprg
   Definitions
      At line 39 in file REG_UTILES.inc
   Uses
      None
Comment: MaskDsprg unused
MaskGsclk 00000001

Symbol: MaskGsclk
   Definitions
      At line 40 in file REG_UTILES.inc
   Uses
      None
Comment: MaskGsclk unused
MaskSclk 00000020

Symbol: MaskSclk
   Definitions
      At line 38 in file REG_UTILES.inc
   Uses
      None
Comment: MaskSclk unused
MaskSerial_Dots 00000080

Symbol: MaskSerial_Dots
   Definitions
      At line 34 in file REG_UTILES.inc
   Uses
      None
Comment: MaskSerial_Dots unused
MaskSerial_In1 00000080

Symbol: MaskSerial_In1



ARM Macro Assembler    Page 2 Alphabetic symbol ordering
Absolute symbols

   Definitions
      At line 33 in file REG_UTILES.inc
   Uses
      None
Comment: MaskSerial_In1 unused
MaskVprg 00000010

Symbol: MaskVprg
   Definitions
      At line 35 in file REG_UTILES.inc
   Uses
      None
Comment: MaskVprg unused
MaskXlat 00000008

Symbol: MaskXlat
   Definitions
      At line 36 in file REG_UTILES.inc
   Uses
      None
Comment: MaskXlat unused
Nbsecteurs 00000008

Symbol: Nbsecteurs
   Definitions
      At line 21 in file Lumiere.asm
   Uses
      None
Comment: Nbsecteurs unused
OffsetInput 00000008

Symbol: OffsetInput
   Definitions
      At line 27 in file REG_UTILES.inc
   Uses
      None
Comment: OffsetInput unused
OffsetOutput 0000000C

Symbol: OffsetOutput
   Definitions
      At line 28 in file REG_UTILES.inc
   Uses
      None
Comment: OffsetOutput unused
OffsetReset 00000014

Symbol: OffsetReset
   Definitions
      At line 30 in file REG_UTILES.inc
   Uses
      None
Comment: OffsetReset unused
OffsetSet 00000010

Symbol: OffsetSet
   Definitions
      At line 29 in file REG_UTILES.inc
   Uses



ARM Macro Assembler    Page 3 Alphabetic symbol ordering
Absolute symbols

      None
Comment: OffsetSet unused
PuissanceNbSecteur 00000003

Symbol: PuissanceNbSecteur
   Definitions
      At line 22 in file Lumiere.asm
   Uses
      None
Comment: PuissanceNbSecteur unused
SCB_VTOR E000ED08

Symbol: SCB_VTOR
   Definitions
      At line 43 in file REG_UTILES.inc
   Uses
      At line 67 in file Principale.asm
Comment: SCB_VTOR used once
TIM1_CNT 40012C24

Symbol: TIM1_CNT
   Definitions
      At line 45 in file REG_UTILES.inc
   Uses
      None
Comment: TIM1_CNT unused
TIM1_SR 40012C10

Symbol: TIM1_SR
   Definitions
      At line 44 in file REG_UTILES.inc
   Uses
      None
Comment: TIM1_SR unused
TIM4_ARR 4000082C

Symbol: TIM4_ARR
   Definitions
      At line 46 in file REG_UTILES.inc
   Uses
      None
Comment: TIM4_ARR unused
TIM4_SR 40000810

Symbol: TIM4_SR
   Definitions
      At line 47 in file REG_UTILES.inc
   Uses
      None
Comment: TIM4_SR unused
21 symbols



ARM Macro Assembler    Page 1 Alphabetic symbol ordering
External symbols

Arret_Timer4 00000000

Symbol: Arret_Timer4
   Definitions
      At line 27 in file Principale.asm
   Uses
      At line 70 in file Principale.asm
Comment: Arret_Timer4 used once
Change_Secteur 00000000

Symbol: Change_Secteur
   Definitions
      At line 28 in file Principale.asm
   Uses
      At line 76 in file Principale.asm
Comment: Change_Secteur used once
Init_Cible 00000000

Symbol: Init_Cible
   Definitions
      At line 24 in file Principale.asm
   Uses
      At line 56 in file Principale.asm
Comment: Init_Cible used once
Run_Timer1 00000000

Symbol: Run_Timer1
   Definitions
      At line 25 in file Principale.asm
   Uses
      At line 80 in file Principale.asm
Comment: Run_Timer1 used once
Start_Timer4 00000000

Symbol: Start_Timer4
   Definitions
      At line 26 in file Principale.asm
   Uses
      At line 73 in file Principale.asm
Comment: Start_Timer4 used once
|Lib$$Request$$armlib| 00000000

Symbol: |Lib$$Request$$armlib|
   Definitions
      At line 17 in file Principale.asm
   Uses
      None
Comment: |Lib$$Request$$armlib| unused
6 symbols
373 symbols in table
